{"C:\\Users\\60556\\WeChatProjects\\paintTime\\utils\\Loader.js": {"path":"C:\\Users\\60556\\WeChatProjects\\paintTime\\utils\\Loader.js","statementMap":{"0":{"start":{"line":4,"column":15},"end":{"line":84,"column":3}},"1":{"start":{"line":5,"column":17},"end":{"line":5,"column":18}},"2":{"start":{"line":6,"column":18},"end":{"line":6,"column":23}},"3":{"start":{"line":9,"column":6},"end":{"line":9,"column":19}},"4":{"start":{"line":10,"column":6},"end":{"line":10,"column":17}},"5":{"start":{"line":11,"column":6},"end":{"line":11,"column":23}},"6":{"start":{"line":15,"column":6},"end":{"line":15,"column":35}},"7":{"start":{"line":16,"column":6},"end":{"line":16,"column":37}},"8":{"start":{"line":18,"column":6},"end":{"line":18,"column":30}},"9":{"start":{"line":22,"column":6},"end":{"line":22,"column":25}},"10":{"start":{"line":23,"column":6},"end":{"line":23,"column":23}},"11":{"start":{"line":24,"column":6},"end":{"line":24,"column":35}},"12":{"start":{"line":25,"column":6},"end":{"line":25,"column":19}},"13":{"start":{"line":26,"column":6},"end":{"line":26,"column":24}},"14":{"start":{"line":28,"column":6},"end":{"line":28,"column":29}},"15":{"start":{"line":32,"column":17},"end":{"line":32,"column":21}},"16":{"start":{"line":33,"column":6},"end":{"line":35,"column":7}},"17":{"start":{"line":34,"column":8},"end":{"line":34,"column":44}},"18":{"start":{"line":39,"column":17},"end":{"line":39,"column":21}},"19":{"start":{"line":40,"column":6},"end":{"line":44,"column":7}},"20":{"start":{"line":41,"column":8},"end":{"line":41,"column":43}},"21":{"start":{"line":42,"column":8},"end":{"line":42,"column":23}},"22":{"start":{"line":43,"column":8},"end":{"line":43,"column":16}},"23":{"start":{"line":45,"column":6},"end":{"line":53,"column":10}},"24":{"start":{"line":47,"column":10},"end":{"line":47,"column":59}},"25":{"start":{"line":48,"column":10},"end":{"line":48,"column":25}},"26":{"start":{"line":51,"column":10},"end":{"line":51,"column":25}},"27":{"start":{"line":52,"column":10},"end":{"line":52,"column":40}},"28":{"start":{"line":57,"column":21},"end":{"line":57,"column":29}},"29":{"start":{"line":58,"column":6},"end":{"line":58,"column":23}},"30":{"start":{"line":60,"column":6},"end":{"line":62,"column":7}},"31":{"start":{"line":61,"column":8},"end":{"line":61,"column":15}},"32":{"start":{"line":65,"column":6},"end":{"line":68,"column":7}},"33":{"start":{"line":66,"column":8},"end":{"line":66,"column":42}},"34":{"start":{"line":66,"column":35},"end":{"line":66,"column":42}},"35":{"start":{"line":67,"column":8},"end":{"line":67,"column":71}},"36":{"start":{"line":70,"column":6},"end":{"line":74,"column":7}},"37":{"start":{"line":71,"column":8},"end":{"line":71,"column":42}},"38":{"start":{"line":71,"column":35},"end":{"line":71,"column":42}},"39":{"start":{"line":72,"column":8},"end":{"line":72,"column":68}},"40":{"start":{"line":73,"column":8},"end":{"line":73,"column":25}},"41":{"start":{"line":78,"column":6},"end":{"line":78,"column":22}},"42":{"start":{"line":82,"column":2},"end":{"line":82,"column":16}}},"fnMap":{"0":{"name":"(anonymous_0)","decl":{"start":{"line":4,"column":15},"end":{"line":4,"column":16}},"loc":{"start":{"line":4,"column":27},"end":{"line":84,"column":1}},"line":4},"1":{"name":"(anonymous_1)","decl":{"start":{"line":8,"column":4},"end":{"line":8,"column":5}},"loc":{"start":{"line":8,"column":18},"end":{"line":12,"column":5}},"line":8},"2":{"name":"(anonymous_2)","decl":{"start":{"line":14,"column":4},"end":{"line":14,"column":5}},"loc":{"start":{"line":14,"column":18},"end":{"line":19,"column":5}},"line":14},"3":{"name":"(anonymous_3)","decl":{"start":{"line":21,"column":4},"end":{"line":21,"column":5}},"loc":{"start":{"line":21,"column":16},"end":{"line":29,"column":5}},"line":21},"4":{"name":"(anonymous_4)","decl":{"start":{"line":31,"column":4},"end":{"line":31,"column":5}},"loc":{"start":{"line":31,"column":22},"end":{"line":36,"column":5}},"line":31},"5":{"name":"(anonymous_5)","decl":{"start":{"line":38,"column":4},"end":{"line":38,"column":5}},"loc":{"start":{"line":38,"column":35},"end":{"line":54,"column":5}},"line":38},"6":{"name":"(anonymous_6)","decl":{"start":{"line":46,"column":14},"end":{"line":46,"column":15}},"loc":{"start":{"line":46,"column":21},"end":{"line":50,"column":9}},"line":46},"7":{"name":"(anonymous_7)","decl":{"start":{"line":50,"column":11},"end":{"line":50,"column":12}},"loc":{"start":{"line":50,"column":18},"end":{"line":53,"column":9}},"line":50},"8":{"name":"(anonymous_8)","decl":{"start":{"line":56,"column":4},"end":{"line":56,"column":5}},"loc":{"start":{"line":56,"column":23},"end":{"line":75,"column":5}},"line":56},"9":{"name":"(anonymous_9)","decl":{"start":{"line":77,"column":4},"end":{"line":77,"column":5}},"loc":{"start":{"line":77,"column":18},"end":{"line":79,"column":5}},"line":77}},"branchMap":{"0":{"loc":{"start":{"line":16,"column":21},"end":{"line":16,"column":36}},"type":"binary-expr","locations":[{"start":{"line":16,"column":21},"end":{"line":16,"column":28}},{"start":{"line":16,"column":32},"end":{"line":16,"column":36}}],"line":16},"1":{"loc":{"start":{"line":40,"column":6},"end":{"line":44,"column":7}},"type":"if","locations":[{"start":{"line":40,"column":6},"end":{"line":44,"column":7}},{"start":{"line":40,"column":6},"end":{"line":44,"column":7}}],"line":40},"2":{"loc":{"start":{"line":40,"column":9},"end":{"line":40,"column":71}},"type":"binary-expr","locations":[{"start":{"line":40,"column":9},"end":{"line":40,"column":26}},{"start":{"line":40,"column":30},"end":{"line":40,"column":52}},{"start":{"line":40,"column":56},"end":{"line":40,"column":71}}],"line":40},"3":{"loc":{"start":{"line":60,"column":6},"end":{"line":62,"column":7}},"type":"if","locations":[{"start":{"line":60,"column":6},"end":{"line":62,"column":7}},{"start":{"line":60,"column":6},"end":{"line":62,"column":7}}],"line":60},"4":{"loc":{"start":{"line":65,"column":6},"end":{"line":68,"column":7}},"type":"if","locations":[{"start":{"line":65,"column":6},"end":{"line":68,"column":7}},{"start":{"line":65,"column":6},"end":{"line":68,"column":7}}],"line":65},"5":{"loc":{"start":{"line":66,"column":8},"end":{"line":66,"column":42}},"type":"if","locations":[{"start":{"line":66,"column":8},"end":{"line":66,"column":42}},{"start":{"line":66,"column":8},"end":{"line":66,"column":42}}],"line":66},"6":{"loc":{"start":{"line":70,"column":6},"end":{"line":74,"column":7}},"type":"if","locations":[{"start":{"line":70,"column":6},"end":{"line":74,"column":7}},{"start":{"line":70,"column":6},"end":{"line":74,"column":7}}],"line":70},"7":{"loc":{"start":{"line":71,"column":8},"end":{"line":71,"column":42}},"type":"if","locations":[{"start":{"line":71,"column":8},"end":{"line":71,"column":42}},{"start":{"line":71,"column":8},"end":{"line":71,"column":42}}],"line":71}},"s":{"0":0,"1":0,"2":0,"3":0,"4":0,"5":0,"6":0,"7":0,"8":0,"9":0,"10":0,"11":0,"12":0,"13":0,"14":0,"15":0,"16":0,"17":0,"18":0,"19":0,"20":0,"21":0,"22":0,"23":0,"24":0,"25":0,"26":0,"27":0,"28":0,"29":0,"30":0,"31":0,"32":0,"33":0,"34":0,"35":0,"36":0,"37":0,"38":0,"39":0,"40":0,"41":0,"42":0},"f":{"0":0,"1":0,"2":0,"3":0,"4":0,"5":0,"6":0,"7":0,"8":0,"9":0},"b":{"0":[0,0],"1":[0,0],"2":[0,0,0],"3":[0,0],"4":[0,0],"5":[0,0],"6":[0,0],"7":[0,0]},"hash":"44eb6ecfbf7a6851185558bc92362045115a26c2"}
,"C:\\Users\\60556\\WeChatProjects\\paintTime\\utils\\dateUtil.js": {"path":"C:\\Users\\60556\\WeChatProjects\\paintTime\\utils\\dateUtil.js","statementMap":{"0":{"start":{"line":9,"column":6},"end":{"line":9,"column":29}},"1":{"start":{"line":10,"column":6},"end":{"line":10,"column":28}},"2":{"start":{"line":11,"column":6},"end":{"line":11,"column":18}},"3":{"start":{"line":15,"column":4},"end":{"line":28,"column":7}},"4":{"start":{"line":29,"column":4},"end":{"line":37,"column":7}},"5":{"start":{"line":41,"column":5},"end":{"line":41,"column":40}},"6":{"start":{"line":45,"column":5},"end":{"line":45,"column":38}},"7":{"start":{"line":56,"column":15},"end":{"line":56,"column":25}},"8":{"start":{"line":57,"column":15},"end":{"line":57,"column":33}},"9":{"start":{"line":58,"column":16},"end":{"line":58,"column":35}},"10":{"start":{"line":59,"column":14},"end":{"line":59,"column":28}},"11":{"start":{"line":60,"column":4},"end":{"line":62,"column":5}},"12":{"start":{"line":61,"column":6},"end":{"line":61,"column":26}},"13":{"start":{"line":64,"column":4},"end":{"line":66,"column":5}},"14":{"start":{"line":65,"column":6},"end":{"line":65,"column":22}},"15":{"start":{"line":68,"column":4},"end":{"line":68,"column":36}},"16":{"start":{"line":78,"column":4},"end":{"line":80,"column":5}},"17":{"start":{"line":79,"column":6},"end":{"line":79,"column":13}},"18":{"start":{"line":82,"column":4},"end":{"line":82,"column":34}},"19":{"start":{"line":83,"column":4},"end":{"line":85,"column":5}},"20":{"start":{"line":84,"column":6},"end":{"line":84,"column":14}},"21":{"start":{"line":87,"column":15},"end":{"line":87,"column":31}},"22":{"start":{"line":88,"column":16},"end":{"line":88,"column":32}},"23":{"start":{"line":89,"column":14},"end":{"line":89,"column":30}},"24":{"start":{"line":91,"column":18},"end":{"line":91,"column":72}},"25":{"start":{"line":92,"column":15},"end":{"line":92,"column":36}},"26":{"start":{"line":94,"column":4},"end":{"line":99,"column":5}},"27":{"start":{"line":103,"column":15},"end":{"line":103,"column":30}},"28":{"start":{"line":104,"column":16},"end":{"line":104,"column":35}},"29":{"start":{"line":106,"column":21},"end":{"line":106,"column":31}},"30":{"start":{"line":107,"column":19},"end":{"line":107,"column":38}},"31":{"start":{"line":108,"column":4},"end":{"line":108,"column":60}},"32":{"start":{"line":110,"column":21},"end":{"line":110,"column":31}},"33":{"start":{"line":111,"column":4},"end":{"line":111,"column":65}},"34":{"start":{"line":113,"column":4},"end":{"line":116,"column":5}},"35":{"start":{"line":120,"column":15},"end":{"line":120,"column":33}},"36":{"start":{"line":121,"column":16},"end":{"line":121,"column":35}},"37":{"start":{"line":122,"column":14},"end":{"line":122,"column":28}},"38":{"start":{"line":124,"column":4},"end":{"line":124,"column":53}},"39":{"start":{"line":125,"column":4},"end":{"line":125,"column":45}},"40":{"start":{"line":127,"column":4},"end":{"line":127,"column":37}}},"fnMap":{"0":{"name":"(anonymous_0)","decl":{"start":{"line":8,"column":2},"end":{"line":8,"column":3}},"loc":{"start":{"line":8,"column":16},"end":{"line":12,"column":3}},"line":8},"1":{"name":"(anonymous_1)","decl":{"start":{"line":14,"column":2},"end":{"line":14,"column":3}},"loc":{"start":{"line":14,"column":9},"end":{"line":38,"column":3}},"line":14},"2":{"name":"(anonymous_2)","decl":{"start":{"line":40,"column":2},"end":{"line":40,"column":3}},"loc":{"start":{"line":40,"column":23},"end":{"line":42,"column":3}},"line":40},"3":{"name":"(anonymous_3)","decl":{"start":{"line":44,"column":2},"end":{"line":44,"column":3}},"loc":{"start":{"line":44,"column":21},"end":{"line":46,"column":3}},"line":44},"4":{"name":"(anonymous_4)","decl":{"start":{"line":55,"column":2},"end":{"line":55,"column":3}},"loc":{"start":{"line":55,"column":30},"end":{"line":69,"column":3}},"line":55},"5":{"name":"(anonymous_5)","decl":{"start":{"line":77,"column":2},"end":{"line":77,"column":3}},"loc":{"start":{"line":77,"column":28},"end":{"line":100,"column":3}},"line":77},"6":{"name":"(anonymous_6)","decl":{"start":{"line":102,"column":2},"end":{"line":102,"column":3}},"loc":{"start":{"line":102,"column":42},"end":{"line":117,"column":3}},"line":102},"7":{"name":"(anonymous_7)","decl":{"start":{"line":119,"column":2},"end":{"line":119,"column":3}},"loc":{"start":{"line":119,"column":29},"end":{"line":128,"column":3}},"line":119}},"branchMap":{"0":{"loc":{"start":{"line":60,"column":4},"end":{"line":62,"column":5}},"type":"if","locations":[{"start":{"line":60,"column":4},"end":{"line":62,"column":5}},{"start":{"line":60,"column":4},"end":{"line":62,"column":5}}],"line":60},"1":{"loc":{"start":{"line":64,"column":4},"end":{"line":66,"column":5}},"type":"if","locations":[{"start":{"line":64,"column":4},"end":{"line":66,"column":5}},{"start":{"line":64,"column":4},"end":{"line":66,"column":5}}],"line":64},"2":{"loc":{"start":{"line":78,"column":4},"end":{"line":80,"column":5}},"type":"if","locations":[{"start":{"line":78,"column":4},"end":{"line":80,"column":5}},{"start":{"line":78,"column":4},"end":{"line":80,"column":5}}],"line":78},"3":{"loc":{"start":{"line":78,"column":8},"end":{"line":78,"column":43}},"type":"binary-expr","locations":[{"start":{"line":78,"column":8},"end":{"line":78,"column":21}},{"start":{"line":78,"column":25},"end":{"line":78,"column":43}}],"line":78},"4":{"loc":{"start":{"line":83,"column":4},"end":{"line":85,"column":5}},"type":"if","locations":[{"start":{"line":83,"column":4},"end":{"line":85,"column":5}},{"start":{"line":83,"column":4},"end":{"line":85,"column":5}}],"line":83},"5":{"loc":{"start":{"line":104,"column":16},"end":{"line":104,"column":35}},"type":"cond-expr","locations":[{"start":{"line":104,"column":23},"end":{"line":104,"column":31}},{"start":{"line":104,"column":34},"end":{"line":104,"column":35}}],"line":104},"6":{"loc":{"start":{"line":124,"column":12},"end":{"line":124,"column":52}},"type":"cond-expr","locations":[{"start":{"line":124,"column":25},"end":{"line":124,"column":36}},{"start":{"line":124,"column":39},"end":{"line":124,"column":52}}],"line":124},"7":{"loc":{"start":{"line":125,"column":10},"end":{"line":125,"column":44}},"type":"cond-expr","locations":[{"start":{"line":125,"column":21},"end":{"line":125,"column":30}},{"start":{"line":125,"column":33},"end":{"line":125,"column":44}}],"line":125}},"s":{"0":6,"1":6,"2":6,"3":6,"4":6,"5":1,"6":1,"7":2,"8":2,"9":2,"10":2,"11":2,"12":2,"13":2,"14":0,"15":2,"16":8,"17":2,"18":6,"19":6,"20":3,"21":3,"22":3,"23":3,"24":3,"25":3,"26":3,"27":2,"28":2,"29":2,"30":2,"31":2,"32":2,"33":2,"34":2,"35":2,"36":2,"37":2,"38":2,"39":2,"40":2},"f":{"0":6,"1":6,"2":1,"3":1,"4":2,"5":8,"6":2,"7":2},"b":{"0":[2,0],"1":[0,2],"2":[2,6],"3":[8,7],"4":[3,3],"5":[2,0],"6":[1,1],"7":[0,2]},"_coverageSchema":"43e27e138ebf9cfc5966b082cf9a028302ed4184","hash":"40330a86fd6977cd63f4bc15d33345774ce371aa"}
,"C:\\Users\\60556\\WeChatProjects\\paintTime\\utils\\devidePage.js": {"path":"C:\\Users\\60556\\WeChatProjects\\paintTime\\utils\\devidePage.js","statementMap":{"0":{"start":{"line":6,"column":2},"end":{"line":6,"column":61}},"1":{"start":{"line":11,"column":4},"end":{"line":14,"column":5}},"2":{"start":{"line":12,"column":6},"end":{"line":12,"column":39}},"3":{"start":{"line":13,"column":6},"end":{"line":13,"column":18}},"4":{"start":{"line":16,"column":4},"end":{"line":19,"column":5}},"5":{"start":{"line":17,"column":6},"end":{"line":17,"column":44}},"6":{"start":{"line":18,"column":6},"end":{"line":18,"column":18}},"7":{"start":{"line":21,"column":4},"end":{"line":21,"column":31}},"8":{"start":{"line":22,"column":4},"end":{"line":22,"column":29}},"9":{"start":{"line":23,"column":4},"end":{"line":23,"column":24}},"10":{"start":{"line":24,"column":4},"end":{"line":24,"column":19}},"11":{"start":{"line":25,"column":4},"end":{"line":25,"column":25}},"12":{"start":{"line":26,"column":4},"end":{"line":26,"column":29}},"13":{"start":{"line":27,"column":4},"end":{"line":27,"column":16}},"14":{"start":{"line":28,"column":4},"end":{"line":28,"column":26}},"15":{"start":{"line":29,"column":4},"end":{"line":29,"column":29}},"16":{"start":{"line":33,"column":4},"end":{"line":33,"column":25}},"17":{"start":{"line":37,"column":4},"end":{"line":37,"column":23}},"18":{"start":{"line":38,"column":4},"end":{"line":38,"column":24}},"19":{"start":{"line":42,"column":4},"end":{"line":44,"column":5}},"20":{"start":{"line":43,"column":6},"end":{"line":43,"column":82}},"21":{"start":{"line":46,"column":4},"end":{"line":48,"column":5}},"22":{"start":{"line":47,"column":6},"end":{"line":47,"column":81}},"23":{"start":{"line":50,"column":4},"end":{"line":52,"column":5}},"24":{"start":{"line":51,"column":6},"end":{"line":51,"column":27}},"25":{"start":{"line":54,"column":4},"end":{"line":81,"column":8}},"26":{"start":{"line":66,"column":8},"end":{"line":68,"column":9}},"27":{"start":{"line":67,"column":10},"end":{"line":67,"column":32}},"28":{"start":{"line":69,"column":19},"end":{"line":69,"column":38}},"29":{"start":{"line":70,"column":8},"end":{"line":72,"column":9}},"30":{"start":{"line":71,"column":10},"end":{"line":71,"column":31}},"31":{"start":{"line":73,"column":8},"end":{"line":73,"column":38}},"32":{"start":{"line":75,"column":8},"end":{"line":75,"column":90}},"33":{"start":{"line":77,"column":8},"end":{"line":79,"column":9}},"34":{"start":{"line":78,"column":10},"end":{"line":78,"column":32}},"35":{"start":{"line":80,"column":8},"end":{"line":80,"column":37}}},"fnMap":{"0":{"name":"isValidString","decl":{"start":{"line":5,"column":9},"end":{"line":5,"column":22}},"loc":{"start":{"line":5,"column":33},"end":{"line":7,"column":1}},"line":5},"1":{"name":"(anonymous_1)","decl":{"start":{"line":10,"column":2},"end":{"line":10,"column":3}},"loc":{"start":{"line":10,"column":94},"end":{"line":30,"column":3}},"line":10},"2":{"name":"(anonymous_2)","decl":{"start":{"line":32,"column":2},"end":{"line":32,"column":3}},"loc":{"start":{"line":32,"column":20},"end":{"line":34,"column":3}},"line":32},"3":{"name":"(anonymous_3)","decl":{"start":{"line":36,"column":2},"end":{"line":36,"column":3}},"loc":{"start":{"line":36,"column":10},"end":{"line":39,"column":3}},"line":36},"4":{"name":"(anonymous_4)","decl":{"start":{"line":41,"column":2},"end":{"line":41,"column":3}},"loc":{"start":{"line":41,"column":12},"end":{"line":82,"column":3}},"line":41},"5":{"name":"(anonymous_5)","decl":{"start":{"line":65,"column":14},"end":{"line":65,"column":15}},"loc":{"start":{"line":65,"column":24},"end":{"line":76,"column":7}},"line":65},"6":{"name":"(anonymous_6)","decl":{"start":{"line":76,"column":9},"end":{"line":76,"column":10}},"loc":{"start":{"line":76,"column":20},"end":{"line":81,"column":7}},"line":76}},"branchMap":{"0":{"loc":{"start":{"line":6,"column":9},"end":{"line":6,"column":60}},"type":"binary-expr","locations":[{"start":{"line":6,"column":10},"end":{"line":6,"column":38}},{"start":{"line":6,"column":44},"end":{"line":6,"column":59}}],"line":6},"1":{"loc":{"start":{"line":10,"column":31},"end":{"line":10,"column":44}},"type":"default-arg","locations":[{"start":{"line":10,"column":43},"end":{"line":10,"column":44}}],"line":10},"2":{"loc":{"start":{"line":10,"column":46},"end":{"line":10,"column":58}},"type":"default-arg","locations":[{"start":{"line":10,"column":57},"end":{"line":10,"column":58}}],"line":10},"3":{"loc":{"start":{"line":10,"column":60},"end":{"line":10,"column":75}},"type":"default-arg","locations":[{"start":{"line":10,"column":71},"end":{"line":10,"column":75}}],"line":10},"4":{"loc":{"start":{"line":10,"column":77},"end":{"line":10,"column":91}},"type":"default-arg","locations":[{"start":{"line":10,"column":86},"end":{"line":10,"column":91}}],"line":10},"5":{"loc":{"start":{"line":11,"column":4},"end":{"line":14,"column":5}},"type":"if","locations":[{"start":{"line":11,"column":4},"end":{"line":14,"column":5}},{"start":{"line":11,"column":4},"end":{"line":14,"column":5}}],"line":11},"6":{"loc":{"start":{"line":16,"column":4},"end":{"line":19,"column":5}},"type":"if","locations":[{"start":{"line":16,"column":4},"end":{"line":19,"column":5}},{"start":{"line":16,"column":4},"end":{"line":19,"column":5}}],"line":16},"7":{"loc":{"start":{"line":42,"column":4},"end":{"line":44,"column":5}},"type":"if","locations":[{"start":{"line":42,"column":4},"end":{"line":44,"column":5}},{"start":{"line":42,"column":4},"end":{"line":44,"column":5}}],"line":42},"8":{"loc":{"start":{"line":46,"column":4},"end":{"line":48,"column":5}},"type":"if","locations":[{"start":{"line":46,"column":4},"end":{"line":48,"column":5}},{"start":{"line":46,"column":4},"end":{"line":48,"column":5}}],"line":46},"9":{"loc":{"start":{"line":46,"column":7},"end":{"line":46,"column":37}},"type":"binary-expr","locations":[{"start":{"line":46,"column":7},"end":{"line":46,"column":20}},{"start":{"line":46,"column":24},"end":{"line":46,"column":37}}],"line":46},"10":{"loc":{"start":{"line":50,"column":4},"end":{"line":52,"column":5}},"type":"if","locations":[{"start":{"line":50,"column":4},"end":{"line":52,"column":5}},{"start":{"line":50,"column":4},"end":{"line":52,"column":5}}],"line":50},"11":{"loc":{"start":{"line":66,"column":8},"end":{"line":68,"column":9}},"type":"if","locations":[{"start":{"line":66,"column":8},"end":{"line":68,"column":9}},{"start":{"line":66,"column":8},"end":{"line":68,"column":9}}],"line":66},"12":{"loc":{"start":{"line":70,"column":8},"end":{"line":72,"column":9}},"type":"if","locations":[{"start":{"line":70,"column":8},"end":{"line":72,"column":9}},{"start":{"line":70,"column":8},"end":{"line":72,"column":9}}],"line":70},"13":{"loc":{"start":{"line":77,"column":8},"end":{"line":79,"column":9}},"type":"if","locations":[{"start":{"line":77,"column":8},"end":{"line":79,"column":9}},{"start":{"line":77,"column":8},"end":{"line":79,"column":9}}],"line":77}},"s":{"0":6,"1":3,"2":0,"3":0,"4":3,"5":0,"6":0,"7":3,"8":3,"9":3,"10":3,"11":3,"12":3,"13":3,"14":3,"15":3,"16":0,"17":0,"18":0,"19":1,"20":0,"21":1,"22":0,"23":1,"24":1,"25":1,"26":0,"27":0,"28":0,"29":0,"30":0,"31":0,"32":0,"33":1,"34":1,"35":1},"f":{"0":6,"1":3,"2":0,"3":0,"4":1,"5":0,"6":1},"b":{"0":[6,6],"1":[2],"2":[2],"3":[2],"4":[2],"5":[0,3],"6":[0,3],"7":[0,1],"8":[0,1],"9":[1,1],"10":[1,0],"11":[0,0],"12":[0,0],"13":[1,0]},"_coverageSchema":"43e27e138ebf9cfc5966b082cf9a028302ed4184","hash":"87816a173e192f25b3dab540f5e7c187c81a557c"}
,"C:\\Users\\60556\\WeChatProjects\\paintTime\\utils\\downloadUtil.js": {"path":"C:\\Users\\60556\\WeChatProjects\\paintTime\\utils\\downloadUtil.js","statementMap":{"0":{"start":{"line":18,"column":4},"end":{"line":18,"column":42}},"1":{"start":{"line":22,"column":4},"end":{"line":22,"column":36}},"2":{"start":{"line":26,"column":5},"end":{"line":37,"column":8}},"3":{"start":{"line":27,"column":7},"end":{"line":36,"column":9}},"4":{"start":{"line":31,"column":11},"end":{"line":31,"column":24}},"5":{"start":{"line":34,"column":11},"end":{"line":34,"column":23}},"6":{"start":{"line":41,"column":5},"end":{"line":53,"column":7}},"7":{"start":{"line":42,"column":8},"end":{"line":52,"column":10}},"8":{"start":{"line":45,"column":13},"end":{"line":45,"column":26}},"9":{"start":{"line":48,"column":12},"end":{"line":48,"column":36}},"10":{"start":{"line":49,"column":12},"end":{"line":49,"column":29}},"11":{"start":{"line":50,"column":12},"end":{"line":50,"column":24}},"12":{"start":{"line":58,"column":5},"end":{"line":67,"column":8}},"13":{"start":{"line":59,"column":7},"end":{"line":66,"column":9}},"14":{"start":{"line":61,"column":11},"end":{"line":61,"column":23}},"15":{"start":{"line":64,"column":11},"end":{"line":64,"column":23}}},"fnMap":{"0":{"name":"(anonymous_0)","decl":{"start":{"line":5,"column":2},"end":{"line":5,"column":3}},"loc":{"start":{"line":5,"column":16},"end":{"line":7,"column":3}},"line":5},"1":{"name":"(anonymous_1)","decl":{"start":{"line":17,"column":2},"end":{"line":17,"column":3}},"loc":{"start":{"line":17,"column":22},"end":{"line":19,"column":3}},"line":17},"2":{"name":"(anonymous_2)","decl":{"start":{"line":21,"column":2},"end":{"line":21,"column":3}},"loc":{"start":{"line":21,"column":16},"end":{"line":23,"column":3}},"line":21},"3":{"name":"(anonymous_3)","decl":{"start":{"line":25,"column":2},"end":{"line":25,"column":3}},"loc":{"start":{"line":25,"column":29},"end":{"line":38,"column":3}},"line":25},"4":{"name":"(anonymous_4)","decl":{"start":{"line":26,"column":24},"end":{"line":26,"column":25}},"loc":{"start":{"line":26,"column":45},"end":{"line":37,"column":6}},"line":26},"5":{"name":"(anonymous_5)","decl":{"start":{"line":30,"column":18},"end":{"line":30,"column":19}},"loc":{"start":{"line":30,"column":32},"end":{"line":32,"column":10}},"line":30},"6":{"name":"(anonymous_6)","decl":{"start":{"line":33,"column":15},"end":{"line":33,"column":16}},"loc":{"start":{"line":33,"column":29},"end":{"line":35,"column":10}},"line":33},"7":{"name":"(anonymous_7)","decl":{"start":{"line":40,"column":2},"end":{"line":40,"column":3}},"loc":{"start":{"line":40,"column":23},"end":{"line":54,"column":3}},"line":40},"8":{"name":"(anonymous_8)","decl":{"start":{"line":41,"column":24},"end":{"line":41,"column":25}},"loc":{"start":{"line":41,"column":45},"end":{"line":53,"column":6}},"line":41},"9":{"name":"(anonymous_9)","decl":{"start":{"line":44,"column":19},"end":{"line":44,"column":20}},"loc":{"start":{"line":44,"column":33},"end":{"line":46,"column":11}},"line":44},"10":{"name":"(anonymous_10)","decl":{"start":{"line":47,"column":17},"end":{"line":47,"column":18}},"loc":{"start":{"line":47,"column":31},"end":{"line":51,"column":11}},"line":47},"11":{"name":"(anonymous_11)","decl":{"start":{"line":57,"column":2},"end":{"line":57,"column":3}},"loc":{"start":{"line":57,"column":28},"end":{"line":68,"column":3}},"line":57},"12":{"name":"(anonymous_12)","decl":{"start":{"line":58,"column":24},"end":{"line":58,"column":25}},"loc":{"start":{"line":58,"column":45},"end":{"line":67,"column":6}},"line":58},"13":{"name":"(anonymous_13)","decl":{"start":{"line":60,"column":18},"end":{"line":60,"column":19}},"loc":{"start":{"line":60,"column":32},"end":{"line":62,"column":10}},"line":60},"14":{"name":"(anonymous_14)","decl":{"start":{"line":63,"column":16},"end":{"line":63,"column":17}},"loc":{"start":{"line":63,"column":30},"end":{"line":65,"column":10}},"line":63}},"branchMap":{"0":{"loc":{"start":{"line":29,"column":15},"end":{"line":29,"column":30}},"type":"binary-expr","locations":[{"start":{"line":29,"column":15},"end":{"line":29,"column":19}},{"start":{"line":29,"column":23},"end":{"line":29,"column":30}}],"line":29}},"s":{"0":0,"1":0,"2":0,"3":0,"4":0,"5":0,"6":0,"7":0,"8":0,"9":0,"10":0,"11":0,"12":0,"13":0,"14":0,"15":0},"f":{"0":0,"1":0,"2":0,"3":0,"4":0,"5":0,"6":0,"7":0,"8":0,"9":0,"10":0,"11":0,"12":0,"13":0,"14":0},"b":{"0":[0,0]},"hash":"79044fff04478525b909b9648a8f28d2a95168f2"}
,"C:\\Users\\60556\\WeChatProjects\\paintTime\\utils\\observerUtil.js": {"path":"C:\\Users\\60556\\WeChatProjects\\paintTime\\utils\\observerUtil.js","statementMap":{"0":{"start":{"line":5,"column":2},"end":{"line":12,"column":6}},"1":{"start":{"line":7,"column":6},"end":{"line":9,"column":7}},"2":{"start":{"line":8,"column":8},"end":{"line":8,"column":35}},"3":{"start":{"line":11,"column":6},"end":{"line":11,"column":37}},"4":{"start":{"line":13,"column":2},"end":{"line":22,"column":4}},"5":{"start":{"line":14,"column":4},"end":{"line":16,"column":5}},"6":{"start":{"line":15,"column":6},"end":{"line":15,"column":13}},"7":{"start":{"line":17,"column":17},"end":{"line":17,"column":38}},"8":{"start":{"line":18,"column":4},"end":{"line":21,"column":5}},"9":{"start":{"line":18,"column":17},"end":{"line":18,"column":18}},"10":{"start":{"line":18,"column":26},"end":{"line":18,"column":39}},"11":{"start":{"line":19,"column":18},"end":{"line":19,"column":27}},"12":{"start":{"line":20,"column":6},"end":{"line":20,"column":32}},"13":{"start":{"line":23,"column":2},"end":{"line":25,"column":4}},"14":{"start":{"line":24,"column":4},"end":{"line":24,"column":33}},"15":{"start":{"line":28,"column":2},"end":{"line":28,"column":13}}},"fnMap":{"0":{"name":"createObserver","decl":{"start":{"line":4,"column":9},"end":{"line":4,"column":23}},"loc":{"start":{"line":4,"column":29},"end":{"line":29,"column":1}},"line":4},"1":{"name":"(anonymous_1)","decl":{"start":{"line":6,"column":13},"end":{"line":6,"column":14}},"loc":{"start":{"line":6,"column":37},"end":{"line":12,"column":5}},"line":6},"2":{"name":"(anonymous_2)","decl":{"start":{"line":13,"column":21},"end":{"line":13,"column":22}},"loc":{"start":{"line":13,"column":50},"end":{"line":22,"column":3}},"line":13},"3":{"name":"(anonymous_3)","decl":{"start":{"line":23,"column":15},"end":{"line":23,"column":16}},"loc":{"start":{"line":23,"column":35},"end":{"line":25,"column":3}},"line":23}},"branchMap":{"0":{"loc":{"start":{"line":7,"column":6},"end":{"line":9,"column":7}},"type":"if","locations":[{"start":{"line":7,"column":6},"end":{"line":9,"column":7}},{"start":{"line":7,"column":6},"end":{"line":9,"column":7}}],"line":7},"1":{"loc":{"start":{"line":14,"column":4},"end":{"line":16,"column":5}},"type":"if","locations":[{"start":{"line":14,"column":4},"end":{"line":16,"column":5}},{"start":{"line":14,"column":4},"end":{"line":16,"column":5}}],"line":14}},"s":{"0":0,"1":0,"2":0,"3":0,"4":0,"5":0,"6":0,"7":0,"8":0,"9":0,"10":0,"11":0,"12":0,"13":0,"14":0,"15":0},"f":{"0":0,"1":0,"2":0,"3":0},"b":{"0":[0,0],"1":[0,0]},"hash":"9290128329a8e3bdf6336ae3111be25ed9823501"}
,"C:\\Users\\60556\\WeChatProjects\\paintTime\\utils\\pcm-util.js": {"path":"C:\\Users\\60556\\WeChatProjects\\paintTime\\utils\\pcm-util.js","statementMap":{"0":{"start":{"line":6,"column":18},"end":{"line":6,"column":41}},"1":{"start":{"line":7,"column":9},"end":{"line":7,"column":22}},"2":{"start":{"line":8,"column":20},"end":{"line":8,"column":46}},"3":{"start":{"line":14,"column":20},"end":{"line":26,"column":1}},"4":{"start":{"line":32,"column":23},"end":{"line":32,"column":49}},"5":{"start":{"line":36,"column":0},"end":{"line":36,"column":24}},"6":{"start":{"line":44,"column":2},"end":{"line":44,"column":21}},"7":{"start":{"line":44,"column":12},"end":{"line":44,"column":21}},"8":{"start":{"line":47,"column":2},"end":{"line":67,"column":3}},"9":{"start":{"line":48,"column":4},"end":{"line":48,"column":31}},"10":{"start":{"line":52,"column":7},"end":{"line":67,"column":3}},"11":{"start":{"line":53,"column":22},"end":{"line":53,"column":59}},"12":{"start":{"line":54,"column":4},"end":{"line":61,"column":5}},"13":{"start":{"line":65,"column":7},"end":{"line":67,"column":3}},"14":{"start":{"line":66,"column":4},"end":{"line":66,"column":30}},"15":{"start":{"line":72,"column":2},"end":{"line":72,"column":24}},"16":{"start":{"line":82,"column":15},"end":{"line":82,"column":17}},"17":{"start":{"line":85,"column":2},"end":{"line":85,"column":63}},"18":{"start":{"line":86,"column":2},"end":{"line":86,"column":30}},"19":{"start":{"line":87,"column":2},"end":{"line":87,"column":31}},"20":{"start":{"line":88,"column":2},"end":{"line":88,"column":30}},"21":{"start":{"line":89,"column":2},"end":{"line":89,"column":32}},"22":{"start":{"line":90,"column":2},"end":{"line":90,"column":45}},"23":{"start":{"line":92,"column":2},"end":{"line":92,"column":25}},"24":{"start":{"line":102,"column":15},"end":{"line":102,"column":29}},"25":{"start":{"line":103,"column":2},"end":{"line":111,"column":3}},"26":{"start":{"line":119,"column":2},"end":{"line":119,"column":58}},"27":{"start":{"line":129,"column":2},"end":{"line":129,"column":26}},"28":{"start":{"line":129,"column":15},"end":{"line":129,"column":26}},"29":{"start":{"line":132,"column":2},"end":{"line":136,"column":4}},"30":{"start":{"line":133,"column":4},"end":{"line":135,"column":5}},"31":{"start":{"line":134,"column":6},"end":{"line":134,"column":38}},"32":{"start":{"line":139,"column":2},"end":{"line":145,"column":54}},"33":{"start":{"line":140,"column":4},"end":{"line":140,"column":51}},"34":{"start":{"line":140,"column":31},"end":{"line":140,"column":51}},"35":{"start":{"line":141,"column":4},"end":{"line":141,"column":24}},"36":{"start":{"line":145,"column":7},"end":{"line":145,"column":54}},"37":{"start":{"line":145,"column":33},"end":{"line":145,"column":54}},"38":{"start":{"line":148,"column":2},"end":{"line":159,"column":3}},"39":{"start":{"line":149,"column":4},"end":{"line":149,"column":19}},"40":{"start":{"line":150,"column":4},"end":{"line":150,"column":18}},"41":{"start":{"line":153,"column":4},"end":{"line":153,"column":49}},"42":{"start":{"line":154,"column":4},"end":{"line":154,"column":18}},"43":{"start":{"line":155,"column":4},"end":{"line":158,"column":5}},"44":{"start":{"line":156,"column":6},"end":{"line":156,"column":47}},"45":{"start":{"line":157,"column":6},"end":{"line":157,"column":47}},"46":{"start":{"line":162,"column":2},"end":{"line":162,"column":31}},"47":{"start":{"line":164,"column":2},"end":{"line":164,"column":15}},"48":{"start":{"line":170,"column":2},"end":{"line":170,"column":55}},"49":{"start":{"line":170,"column":29},"end":{"line":170,"column":55}},"50":{"start":{"line":175,"column":2},"end":{"line":184,"column":3}},"51":{"start":{"line":175,"column":25},"end":{"line":175,"column":57}},"52":{"start":{"line":178,"column":21},"end":{"line":178,"column":62}},"53":{"start":{"line":179,"column":4},"end":{"line":179,"column":77}},"54":{"start":{"line":181,"column":4},"end":{"line":183,"column":5}},"55":{"start":{"line":181,"column":23},"end":{"line":181,"column":24}},"56":{"start":{"line":182,"column":6},"end":{"line":182,"column":82}},"57":{"start":{"line":186,"column":20},"end":{"line":186,"column":65}},"58":{"start":{"line":188,"column":15},"end":{"line":194,"column":12}},"59":{"start":{"line":196,"column":2},"end":{"line":196,"column":15}},"60":{"start":{"line":202,"column":2},"end":{"line":202,"column":55}},"61":{"start":{"line":202,"column":29},"end":{"line":202,"column":55}},"62":{"start":{"line":204,"column":2},"end":{"line":209,"column":4}},"63":{"start":{"line":211,"column":12},"end":{"line":211,"column":65}},"64":{"start":{"line":213,"column":20},"end":{"line":217,"column":4}},"65":{"start":{"line":219,"column":13},"end":{"line":219,"column":20}},"66":{"start":{"line":220,"column":2},"end":{"line":224,"column":3}},"67":{"start":{"line":220,"column":21},"end":{"line":220,"column":22}},"68":{"start":{"line":221,"column":17},"end":{"line":221,"column":31}},"69":{"start":{"line":222,"column":15},"end":{"line":222,"column":68}},"70":{"start":{"line":223,"column":4},"end":{"line":223,"column":49}},"71":{"start":{"line":226,"column":2},"end":{"line":226,"column":20}},"72":{"start":{"line":235,"column":2},"end":{"line":235,"column":49}},"73":{"start":{"line":235,"column":27},"end":{"line":235,"column":49}},"74":{"start":{"line":236,"column":2},"end":{"line":236,"column":43}},"75":{"start":{"line":236,"column":25},"end":{"line":236,"column":43}},"76":{"start":{"line":240,"column":2},"end":{"line":249,"column":3}},"77":{"start":{"line":241,"column":4},"end":{"line":241,"column":17}},"78":{"start":{"line":243,"column":7},"end":{"line":249,"column":3}},"79":{"start":{"line":244,"column":4},"end":{"line":245,"column":30}},"80":{"start":{"line":244,"column":35},"end":{"line":244,"column":120}},"81":{"start":{"line":245,"column":9},"end":{"line":245,"column":30}},"82":{"start":{"line":248,"column":4},"end":{"line":248,"column":77}},"83":{"start":{"line":252,"column":2},"end":{"line":254,"column":3}},"84":{"start":{"line":253,"column":4},"end":{"line":253,"column":15}},"85":{"start":{"line":257,"column":18},"end":{"line":257,"column":46}},"86":{"start":{"line":261,"column":16},"end":{"line":261,"column":47}},"87":{"start":{"line":264,"column":2},"end":{"line":276,"column":3}},"88":{"start":{"line":265,"column":4},"end":{"line":275,"column":6}},"89":{"start":{"line":268,"column":24},"end":{"line":268,"column":66}},"90":{"start":{"line":271,"column":6},"end":{"line":271,"column":54}},"91":{"start":{"line":274,"column":6},"end":{"line":274,"column":62}},"92":{"start":{"line":279,"column":2},"end":{"line":301,"column":3}},"93":{"start":{"line":280,"column":19},"end":{"line":280,"column":32}},"94":{"start":{"line":281,"column":14},"end":{"line":281,"column":53}},"95":{"start":{"line":284,"column":4},"end":{"line":300,"column":5}},"96":{"start":{"line":285,"column":6},"end":{"line":290,"column":8}},"97":{"start":{"line":286,"column":27},"end":{"line":286,"column":36}},"98":{"start":{"line":287,"column":28},"end":{"line":287,"column":41}},"99":{"start":{"line":289,"column":8},"end":{"line":289,"column":60}},"100":{"start":{"line":293,"column":9},"end":{"line":300,"column":5}},"101":{"start":{"line":294,"column":6},"end":{"line":299,"column":8}},"102":{"start":{"line":295,"column":27},"end":{"line":295,"column":45}},"103":{"start":{"line":296,"column":28},"end":{"line":296,"column":42}},"104":{"start":{"line":298,"column":8},"end":{"line":298,"column":55}},"105":{"start":{"line":304,"column":2},"end":{"line":312,"column":3}},"106":{"start":{"line":305,"column":13},"end":{"line":305,"column":34}},"107":{"start":{"line":306,"column":15},"end":{"line":306,"column":43}},"108":{"start":{"line":307,"column":15},"end":{"line":307,"column":30}},"109":{"start":{"line":308,"column":21},"end":{"line":308,"column":50}},"110":{"start":{"line":309,"column":4},"end":{"line":311,"column":5}},"111":{"start":{"line":309,"column":17},"end":{"line":309,"column":18}},"112":{"start":{"line":309,"column":24},"end":{"line":309,"column":38}},"113":{"start":{"line":310,"column":6},"end":{"line":310,"column":48}},"114":{"start":{"line":314,"column":2},"end":{"line":314,"column":23}},"115":{"start":{"line":322,"column":2},"end":{"line":322,"column":28}},"116":{"start":{"line":330,"column":2},"end":{"line":330,"column":55}},"117":{"start":{"line":330,"column":29},"end":{"line":330,"column":55}},"118":{"start":{"line":332,"column":2},"end":{"line":351,"column":3}},"119":{"start":{"line":333,"column":4},"end":{"line":338,"column":5}},"120":{"start":{"line":334,"column":6},"end":{"line":334,"column":25}},"121":{"start":{"line":337,"column":6},"end":{"line":337,"column":25}},"122":{"start":{"line":341,"column":4},"end":{"line":350,"column":5}},"123":{"start":{"line":342,"column":6},"end":{"line":342,"column":53}},"124":{"start":{"line":344,"column":9},"end":{"line":350,"column":5}},"125":{"start":{"line":345,"column":6},"end":{"line":345,"column":51}},"126":{"start":{"line":349,"column":6},"end":{"line":349,"column":53}},"127":{"start":{"line":359,"column":2},"end":{"line":365,"column":3}},"128":{"start":{"line":360,"column":4},"end":{"line":364,"column":5}},"129":{"start":{"line":366,"column":2},"end":{"line":372,"column":3}},"130":{"start":{"line":367,"column":4},"end":{"line":371,"column":5}},"131":{"start":{"line":373,"column":2},"end":{"line":379,"column":3}},"132":{"start":{"line":374,"column":4},"end":{"line":378,"column":5}},"133":{"start":{"line":380,"column":2},"end":{"line":386,"column":3}},"134":{"start":{"line":381,"column":4},"end":{"line":385,"column":5}},"135":{"start":{"line":387,"column":2},"end":{"line":393,"column":3}},"136":{"start":{"line":388,"column":4},"end":{"line":392,"column":5}},"137":{"start":{"line":394,"column":2},"end":{"line":400,"column":3}},"138":{"start":{"line":395,"column":4},"end":{"line":399,"column":5}},"139":{"start":{"line":401,"column":2},"end":{"line":407,"column":3}},"140":{"start":{"line":402,"column":4},"end":{"line":406,"column":5}},"141":{"start":{"line":408,"column":2},"end":{"line":414,"column":3}},"142":{"start":{"line":409,"column":4},"end":{"line":413,"column":5}},"143":{"start":{"line":417,"column":2},"end":{"line":421,"column":3}},"144":{"start":{"line":430,"column":15},"end":{"line":430,"column":17}},"145":{"start":{"line":432,"column":2},"end":{"line":434,"column":4}},"146":{"start":{"line":433,"column":4},"end":{"line":433,"column":48}},"147":{"start":{"line":433,"column":26},"end":{"line":433,"column":48}},"148":{"start":{"line":437,"column":2},"end":{"line":439,"column":3}},"149":{"start":{"line":438,"column":4},"end":{"line":438,"column":62}},"150":{"start":{"line":440,"column":2},"end":{"line":442,"column":3}},"151":{"start":{"line":441,"column":4},"end":{"line":441,"column":32}},"152":{"start":{"line":444,"column":2},"end":{"line":444,"column":15}},"153":{"start":{"line":453,"column":2},"end":{"line":453,"column":84}},"154":{"start":{"line":458,"column":0},"end":{"line":466,"column":1}}},"fnMap":{"0":{"name":"getFormat","decl":{"start":{"line":42,"column":9},"end":{"line":42,"column":18}},"loc":{"start":{"line":42,"column":24},"end":{"line":73,"column":1}},"line":42},"1":{"name":"stringify","decl":{"start":{"line":80,"column":9},"end":{"line":80,"column":18}},"loc":{"start":{"line":80,"column":27},"end":{"line":93,"column":1}},"line":80},"2":{"name":"parse","decl":{"start":{"line":101,"column":9},"end":{"line":101,"column":14}},"loc":{"start":{"line":101,"column":20},"end":{"line":112,"column":1}},"line":101},"3":{"name":"equal","decl":{"start":{"line":118,"column":9},"end":{"line":118,"column":14}},"loc":{"start":{"line":118,"column":21},"end":{"line":120,"column":1}},"line":118},"4":{"name":"normalize","decl":{"start":{"line":128,"column":9},"end":{"line":128,"column":18}},"loc":{"start":{"line":128,"column":27},"end":{"line":165,"column":1}},"line":128},"5":{"name":"(anonymous_5)","decl":{"start":{"line":132,"column":27},"end":{"line":132,"column":28}},"loc":{"start":{"line":132,"column":42},"end":{"line":136,"column":3}},"line":132},"6":{"name":"toArrayBuffer","decl":{"start":{"line":169,"column":9},"end":{"line":169,"column":22}},"loc":{"start":{"line":169,"column":44},"end":{"line":197,"column":1}},"line":169},"7":{"name":"toAudioBuffer","decl":{"start":{"line":201,"column":9},"end":{"line":201,"column":22}},"loc":{"start":{"line":201,"column":39},"end":{"line":227,"column":1}},"line":201},"8":{"name":"convert","decl":{"start":{"line":233,"column":9},"end":{"line":233,"column":16}},"loc":{"start":{"line":233,"column":35},"end":{"line":315,"column":1}},"line":233},"9":{"name":"(anonymous_9)","decl":{"start":{"line":265,"column":22},"end":{"line":265,"column":23}},"loc":{"start":{"line":265,"column":44},"end":{"line":275,"column":5}},"line":265},"10":{"name":"(anonymous_10)","decl":{"start":{"line":285,"column":28},"end":{"line":285,"column":29}},"loc":{"start":{"line":285,"column":56},"end":{"line":290,"column":7}},"line":285},"11":{"name":"(anonymous_11)","decl":{"start":{"line":294,"column":28},"end":{"line":294,"column":29}},"loc":{"start":{"line":294,"column":56},"end":{"line":299,"column":7}},"line":294},"12":{"name":"isNormalized","decl":{"start":{"line":321,"column":9},"end":{"line":321,"column":21}},"loc":{"start":{"line":321,"column":30},"end":{"line":323,"column":1}},"line":321},"13":{"name":"arrayClass","decl":{"start":{"line":329,"column":9},"end":{"line":329,"column":19}},"loc":{"start":{"line":329,"column":28},"end":{"line":352,"column":1}},"line":329},"14":{"name":"fromTypedArray","decl":{"start":{"line":358,"column":9},"end":{"line":358,"column":23}},"loc":{"start":{"line":358,"column":31},"end":{"line":422,"column":1}},"line":358},"15":{"name":"fromObject","decl":{"start":{"line":428,"column":9},"end":{"line":428,"column":19}},"loc":{"start":{"line":428,"column":25},"end":{"line":445,"column":1}},"line":428},"16":{"name":"(anonymous_16)","decl":{"start":{"line":432,"column":27},"end":{"line":432,"column":28}},"loc":{"start":{"line":432,"column":42},"end":{"line":434,"column":3}},"line":432},"17":{"name":"getDataViewSuffix","decl":{"start":{"line":452,"column":9},"end":{"line":452,"column":26}},"loc":{"start":{"line":452,"column":35},"end":{"line":454,"column":1}},"line":452}},"branchMap":{"0":{"loc":{"start":{"line":18,"column":13},"end":{"line":18,"column":71}},"type":"cond-expr","locations":[{"start":{"line":18,"column":49},"end":{"line":18,"column":64}},{"start":{"line":18,"column":67},"end":{"line":18,"column":71}}],"line":18},"1":{"loc":{"start":{"line":44,"column":2},"end":{"line":44,"column":21}},"type":"if","locations":[{"start":{"line":44,"column":2},"end":{"line":44,"column":21}},{"start":{"line":44,"column":2},"end":{"line":44,"column":21}}],"line":44},"2":{"loc":{"start":{"line":47,"column":2},"end":{"line":67,"column":3}},"type":"if","locations":[{"start":{"line":47,"column":2},"end":{"line":67,"column":3}},{"start":{"line":47,"column":2},"end":{"line":67,"column":3}}],"line":47},"3":{"loc":{"start":{"line":47,"column":6},"end":{"line":47,"column":39}},"type":"binary-expr","locations":[{"start":{"line":47,"column":6},"end":{"line":47,"column":29}},{"start":{"line":47,"column":33},"end":{"line":47,"column":39}}],"line":47},"4":{"loc":{"start":{"line":48,"column":17},"end":{"line":48,"column":30}},"type":"binary-expr","locations":[{"start":{"line":48,"column":17},"end":{"line":48,"column":23}},{"start":{"line":48,"column":27},"end":{"line":48,"column":30}}],"line":48},"5":{"loc":{"start":{"line":52,"column":7},"end":{"line":67,"column":3}},"type":"if","locations":[{"start":{"line":52,"column":7},"end":{"line":67,"column":3}},{"start":{"line":52,"column":7},"end":{"line":67,"column":3}}],"line":52},"6":{"loc":{"start":{"line":65,"column":7},"end":{"line":67,"column":3}},"type":"if","locations":[{"start":{"line":65,"column":7},"end":{"line":67,"column":3}},{"start":{"line":65,"column":7},"end":{"line":67,"column":3}}],"line":65},"7":{"loc":{"start":{"line":85,"column":14},"end":{"line":85,"column":62}},"type":"cond-expr","locations":[{"start":{"line":85,"column":29},"end":{"line":85,"column":32}},{"start":{"line":85,"column":36},"end":{"line":85,"column":61}}],"line":85},"8":{"loc":{"start":{"line":85,"column":36},"end":{"line":85,"column":61}},"type":"cond-expr","locations":[{"start":{"line":85,"column":52},"end":{"line":85,"column":55}},{"start":{"line":85,"column":58},"end":{"line":85,"column":61}}],"line":85},"9":{"loc":{"start":{"line":90,"column":14},"end":{"line":90,"column":44}},"type":"cond-expr","locations":[{"start":{"line":90,"column":35},"end":{"line":90,"column":38}},{"start":{"line":90,"column":41},"end":{"line":90,"column":44}}],"line":90},"10":{"loc":{"start":{"line":119,"column":10},"end":{"line":119,"column":30}},"type":"binary-expr","locations":[{"start":{"line":119,"column":10},"end":{"line":119,"column":14}},{"start":{"line":119,"column":18},"end":{"line":119,"column":30}}],"line":119},"11":{"loc":{"start":{"line":119,"column":37},"end":{"line":119,"column":57}},"type":"binary-expr","locations":[{"start":{"line":119,"column":37},"end":{"line":119,"column":41}},{"start":{"line":119,"column":45},"end":{"line":119,"column":57}}],"line":119},"12":{"loc":{"start":{"line":129,"column":2},"end":{"line":129,"column":26}},"type":"if","locations":[{"start":{"line":129,"column":2},"end":{"line":129,"column":26}},{"start":{"line":129,"column":2},"end":{"line":129,"column":26}}],"line":129},"13":{"loc":{"start":{"line":133,"column":4},"end":{"line":135,"column":5}},"type":"if","locations":[{"start":{"line":133,"column":4},"end":{"line":135,"column":5}},{"start":{"line":133,"column":4},"end":{"line":135,"column":5}}],"line":133},"14":{"loc":{"start":{"line":139,"column":2},"end":{"line":145,"column":54}},"type":"if","locations":[{"start":{"line":139,"column":2},"end":{"line":145,"column":54}},{"start":{"line":139,"column":2},"end":{"line":145,"column":54}}],"line":139},"15":{"loc":{"start":{"line":140,"column":4},"end":{"line":140,"column":51}},"type":"if","locations":[{"start":{"line":140,"column":4},"end":{"line":140,"column":51}},{"start":{"line":140,"column":4},"end":{"line":140,"column":51}}],"line":140},"16":{"loc":{"start":{"line":145,"column":7},"end":{"line":145,"column":54}},"type":"if","locations":[{"start":{"line":145,"column":7},"end":{"line":145,"column":54}},{"start":{"line":145,"column":7},"end":{"line":145,"column":54}}],"line":145},"17":{"loc":{"start":{"line":148,"column":2},"end":{"line":159,"column":3}},"type":"if","locations":[{"start":{"line":148,"column":2},"end":{"line":159,"column":3}},{"start":{"line":148,"column":2},"end":{"line":159,"column":3}}],"line":148},"18":{"loc":{"start":{"line":155,"column":4},"end":{"line":158,"column":5}},"type":"if","locations":[{"start":{"line":155,"column":4},"end":{"line":158,"column":5}},{"start":{"line":155,"column":4},"end":{"line":158,"column":5}}],"line":155},"19":{"loc":{"start":{"line":170,"column":2},"end":{"line":170,"column":55}},"type":"if","locations":[{"start":{"line":170,"column":2},"end":{"line":170,"column":55}},{"start":{"line":170,"column":2},"end":{"line":170,"column":55}}],"line":170},"20":{"loc":{"start":{"line":175,"column":2},"end":{"line":184,"column":3}},"type":"if","locations":[{"start":{"line":175,"column":2},"end":{"line":184,"column":3}},{"start":{"line":175,"column":2},"end":{"line":184,"column":3}}],"line":175},"21":{"loc":{"start":{"line":202,"column":2},"end":{"line":202,"column":55}},"type":"if","locations":[{"start":{"line":202,"column":2},"end":{"line":202,"column":55}},{"start":{"line":202,"column":2},"end":{"line":202,"column":55}}],"line":202},"22":{"loc":{"start":{"line":235,"column":2},"end":{"line":235,"column":49}},"type":"if","locations":[{"start":{"line":235,"column":2},"end":{"line":235,"column":49}},{"start":{"line":235,"column":2},"end":{"line":235,"column":49}}],"line":235},"23":{"loc":{"start":{"line":236,"column":2},"end":{"line":236,"column":43}},"type":"if","locations":[{"start":{"line":236,"column":2},"end":{"line":236,"column":43}},{"start":{"line":236,"column":2},"end":{"line":236,"column":43}}],"line":236},"24":{"loc":{"start":{"line":240,"column":2},"end":{"line":249,"column":3}},"type":"if","locations":[{"start":{"line":240,"column":2},"end":{"line":249,"column":3}},{"start":{"line":240,"column":2},"end":{"line":249,"column":3}}],"line":240},"25":{"loc":{"start":{"line":243,"column":7},"end":{"line":249,"column":3}},"type":"if","locations":[{"start":{"line":243,"column":7},"end":{"line":249,"column":3}},{"start":{"line":243,"column":7},"end":{"line":249,"column":3}}],"line":243},"26":{"loc":{"start":{"line":244,"column":4},"end":{"line":245,"column":30}},"type":"if","locations":[{"start":{"line":244,"column":4},"end":{"line":245,"column":30}},{"start":{"line":244,"column":4},"end":{"line":245,"column":30}}],"line":244},"27":{"loc":{"start":{"line":248,"column":27},"end":{"line":248,"column":68}},"type":"cond-expr","locations":[{"start":{"line":248,"column":51},"end":{"line":248,"column":57}},{"start":{"line":248,"column":60},"end":{"line":248,"column":68}}],"line":248},"28":{"loc":{"start":{"line":252,"column":2},"end":{"line":254,"column":3}},"type":"if","locations":[{"start":{"line":252,"column":2},"end":{"line":254,"column":3}},{"start":{"line":252,"column":2},"end":{"line":254,"column":3}}],"line":252},"29":{"loc":{"start":{"line":264,"column":2},"end":{"line":276,"column":3}},"type":"if","locations":[{"start":{"line":264,"column":2},"end":{"line":276,"column":3}},{"start":{"line":264,"column":2},"end":{"line":276,"column":3}}],"line":264},"30":{"loc":{"start":{"line":279,"column":2},"end":{"line":301,"column":3}},"type":"if","locations":[{"start":{"line":279,"column":2},"end":{"line":301,"column":3}},{"start":{"line":279,"column":2},"end":{"line":301,"column":3}}],"line":279},"31":{"loc":{"start":{"line":284,"column":4},"end":{"line":300,"column":5}},"type":"if","locations":[{"start":{"line":284,"column":4},"end":{"line":300,"column":5}},{"start":{"line":284,"column":4},"end":{"line":300,"column":5}}],"line":284},"32":{"loc":{"start":{"line":284,"column":8},"end":{"line":284,"column":43}},"type":"binary-expr","locations":[{"start":{"line":284,"column":8},"end":{"line":284,"column":24}},{"start":{"line":284,"column":28},"end":{"line":284,"column":43}}],"line":284},"33":{"loc":{"start":{"line":293,"column":9},"end":{"line":300,"column":5}},"type":"if","locations":[{"start":{"line":293,"column":9},"end":{"line":300,"column":5}},{"start":{"line":293,"column":9},"end":{"line":300,"column":5}}],"line":293},"34":{"loc":{"start":{"line":293,"column":13},"end":{"line":293,"column":48}},"type":"binary-expr","locations":[{"start":{"line":293,"column":13},"end":{"line":293,"column":30}},{"start":{"line":293,"column":34},"end":{"line":293,"column":48}}],"line":293},"35":{"loc":{"start":{"line":304,"column":2},"end":{"line":312,"column":3}},"type":"if","locations":[{"start":{"line":304,"column":2},"end":{"line":312,"column":3}},{"start":{"line":304,"column":2},"end":{"line":312,"column":3}}],"line":304},"36":{"loc":{"start":{"line":304,"column":6},"end":{"line":304,"column":50}},"type":"binary-expr","locations":[{"start":{"line":304,"column":6},"end":{"line":304,"column":15}},{"start":{"line":304,"column":19},"end":{"line":304,"column":50}}],"line":304},"37":{"loc":{"start":{"line":322,"column":9},"end":{"line":322,"column":28}},"type":"binary-expr","locations":[{"start":{"line":322,"column":9},"end":{"line":322,"column":15}},{"start":{"line":322,"column":19},"end":{"line":322,"column":28}}],"line":322},"38":{"loc":{"start":{"line":330,"column":2},"end":{"line":330,"column":55}},"type":"if","locations":[{"start":{"line":330,"column":2},"end":{"line":330,"column":55}},{"start":{"line":330,"column":2},"end":{"line":330,"column":55}}],"line":330},"39":{"loc":{"start":{"line":332,"column":2},"end":{"line":351,"column":3}},"type":"if","locations":[{"start":{"line":332,"column":2},"end":{"line":351,"column":3}},{"start":{"line":332,"column":2},"end":{"line":351,"column":3}}],"line":332},"40":{"loc":{"start":{"line":333,"column":4},"end":{"line":338,"column":5}},"type":"if","locations":[{"start":{"line":333,"column":4},"end":{"line":338,"column":5}},{"start":{"line":333,"column":4},"end":{"line":338,"column":5}}],"line":333},"41":{"loc":{"start":{"line":341,"column":4},"end":{"line":350,"column":5}},"type":"if","locations":[{"start":{"line":341,"column":4},"end":{"line":350,"column":5}},{"start":{"line":341,"column":4},"end":{"line":350,"column":5}}],"line":341},"42":{"loc":{"start":{"line":342,"column":13},"end":{"line":342,"column":53}},"type":"cond-expr","locations":[{"start":{"line":342,"column":29},"end":{"line":342,"column":39}},{"start":{"line":342,"column":42},"end":{"line":342,"column":53}}],"line":342},"43":{"loc":{"start":{"line":344,"column":9},"end":{"line":350,"column":5}},"type":"if","locations":[{"start":{"line":344,"column":9},"end":{"line":350,"column":5}},{"start":{"line":344,"column":9},"end":{"line":350,"column":5}}],"line":344},"44":{"loc":{"start":{"line":345,"column":13},"end":{"line":345,"column":51}},"type":"cond-expr","locations":[{"start":{"line":345,"column":29},"end":{"line":345,"column":38}},{"start":{"line":345,"column":41},"end":{"line":345,"column":51}}],"line":345},"45":{"loc":{"start":{"line":349,"column":13},"end":{"line":349,"column":53}},"type":"cond-expr","locations":[{"start":{"line":349,"column":29},"end":{"line":349,"column":39}},{"start":{"line":349,"column":42},"end":{"line":349,"column":53}}],"line":349},"46":{"loc":{"start":{"line":359,"column":2},"end":{"line":365,"column":3}},"type":"if","locations":[{"start":{"line":359,"column":2},"end":{"line":365,"column":3}},{"start":{"line":359,"column":2},"end":{"line":365,"column":3}}],"line":359},"47":{"loc":{"start":{"line":366,"column":2},"end":{"line":372,"column":3}},"type":"if","locations":[{"start":{"line":366,"column":2},"end":{"line":372,"column":3}},{"start":{"line":366,"column":2},"end":{"line":372,"column":3}}],"line":366},"48":{"loc":{"start":{"line":366,"column":6},"end":{"line":366,"column":75}},"type":"binary-expr","locations":[{"start":{"line":366,"column":7},"end":{"line":366,"column":34}},{"start":{"line":366,"column":40},"end":{"line":366,"column":74}}],"line":366},"49":{"loc":{"start":{"line":373,"column":2},"end":{"line":379,"column":3}},"type":"if","locations":[{"start":{"line":373,"column":2},"end":{"line":379,"column":3}},{"start":{"line":373,"column":2},"end":{"line":379,"column":3}}],"line":373},"50":{"loc":{"start":{"line":380,"column":2},"end":{"line":386,"column":3}},"type":"if","locations":[{"start":{"line":380,"column":2},"end":{"line":386,"column":3}},{"start":{"line":380,"column":2},"end":{"line":386,"column":3}}],"line":380},"51":{"loc":{"start":{"line":387,"column":2},"end":{"line":393,"column":3}},"type":"if","locations":[{"start":{"line":387,"column":2},"end":{"line":393,"column":3}},{"start":{"line":387,"column":2},"end":{"line":393,"column":3}}],"line":387},"52":{"loc":{"start":{"line":394,"column":2},"end":{"line":400,"column":3}},"type":"if","locations":[{"start":{"line":394,"column":2},"end":{"line":400,"column":3}},{"start":{"line":394,"column":2},"end":{"line":400,"column":3}}],"line":394},"53":{"loc":{"start":{"line":401,"column":2},"end":{"line":407,"column":3}},"type":"if","locations":[{"start":{"line":401,"column":2},"end":{"line":407,"column":3}},{"start":{"line":401,"column":2},"end":{"line":407,"column":3}}],"line":401},"54":{"loc":{"start":{"line":408,"column":2},"end":{"line":414,"column":3}},"type":"if","locations":[{"start":{"line":408,"column":2},"end":{"line":414,"column":3}},{"start":{"line":408,"column":2},"end":{"line":414,"column":3}}],"line":408},"55":{"loc":{"start":{"line":433,"column":4},"end":{"line":433,"column":48}},"type":"if","locations":[{"start":{"line":433,"column":4},"end":{"line":433,"column":48}},{"start":{"line":433,"column":4},"end":{"line":433,"column":48}}],"line":433},"56":{"loc":{"start":{"line":437,"column":2},"end":{"line":439,"column":3}},"type":"if","locations":[{"start":{"line":437,"column":2},"end":{"line":439,"column":3}},{"start":{"line":437,"column":2},"end":{"line":439,"column":3}}],"line":437},"57":{"loc":{"start":{"line":437,"column":6},"end":{"line":437,"column":68}},"type":"binary-expr","locations":[{"start":{"line":437,"column":6},"end":{"line":437,"column":22}},{"start":{"line":437,"column":27},"end":{"line":437,"column":43}},{"start":{"line":437,"column":47},"end":{"line":437,"column":67}}],"line":437},"58":{"loc":{"start":{"line":438,"column":22},"end":{"line":438,"column":62}},"type":"binary-expr","locations":[{"start":{"line":438,"column":22},"end":{"line":438,"column":38}},{"start":{"line":438,"column":42},"end":{"line":438,"column":62}}],"line":438},"59":{"loc":{"start":{"line":440,"column":2},"end":{"line":442,"column":3}},"type":"if","locations":[{"start":{"line":440,"column":2},"end":{"line":442,"column":3}},{"start":{"line":440,"column":2},"end":{"line":442,"column":3}}],"line":440},"60":{"loc":{"start":{"line":440,"column":6},"end":{"line":440,"column":36}},"type":"binary-expr","locations":[{"start":{"line":440,"column":6},"end":{"line":440,"column":24}},{"start":{"line":440,"column":28},"end":{"line":440,"column":36}}],"line":440},"61":{"loc":{"start":{"line":453,"column":10},"end":{"line":453,"column":65}},"type":"cond-expr","locations":[{"start":{"line":453,"column":25},"end":{"line":453,"column":32}},{"start":{"line":453,"column":35},"end":{"line":453,"column":65}}],"line":453},"62":{"loc":{"start":{"line":453,"column":35},"end":{"line":453,"column":65}},"type":"cond-expr","locations":[{"start":{"line":453,"column":51},"end":{"line":453,"column":56}},{"start":{"line":453,"column":59},"end":{"line":453,"column":65}}],"line":453}},"s":{"0":0,"1":0,"2":0,"3":0,"4":0,"5":0,"6":0,"7":0,"8":0,"9":0,"10":0,"11":0,"12":0,"13":0,"14":0,"15":0,"16":0,"17":0,"18":0,"19":0,"20":0,"21":0,"22":0,"23":0,"24":0,"25":0,"26":0,"27":0,"28":0,"29":0,"30":0,"31":0,"32":0,"33":0,"34":0,"35":0,"36":0,"37":0,"38":0,"39":0,"40":0,"41":0,"42":0,"43":0,"44":0,"45":0,"46":0,"47":0,"48":0,"49":0,"50":0,"51":0,"52":0,"53":0,"54":0,"55":0,"56":0,"57":0,"58":0,"59":0,"60":0,"61":0,"62":0,"63":0,"64":0,"65":0,"66":0,"67":0,"68":0,"69":0,"70":0,"71":0,"72":0,"73":0,"74":0,"75":0,"76":0,"77":0,"78":0,"79":0,"80":0,"81":0,"82":0,"83":0,"84":0,"85":0,"86":0,"87":0,"88":0,"89":0,"90":0,"91":0,"92":0,"93":0,"94":0,"95":0,"96":0,"97":0,"98":0,"99":0,"100":0,"101":0,"102":0,"103":0,"104":0,"105":0,"106":0,"107":0,"108":0,"109":0,"110":0,"111":0,"112":0,"113":0,"114":0,"115":0,"116":0,"117":0,"118":0,"119":0,"120":0,"121":0,"122":0,"123":0,"124":0,"125":0,"126":0,"127":0,"128":0,"129":0,"130":0,"131":0,"132":0,"133":0,"134":0,"135":0,"136":0,"137":0,"138":0,"139":0,"140":0,"141":0,"142":0,"143":0,"144":0,"145":0,"146":0,"147":0,"148":0,"149":0,"150":0,"151":0,"152":0,"153":0,"154":0},"f":{"0":0,"1":0,"2":0,"3":0,"4":0,"5":0,"6":0,"7":0,"8":0,"9":0,"10":0,"11":0,"12":0,"13":0,"14":0,"15":0,"16":0,"17":0},"b":{"0":[0,0],"1":[0,0],"2":[0,0],"3":[0,0],"4":[0,0],"5":[0,0],"6":[0,0],"7":[0,0],"8":[0,0],"9":[0,0],"10":[0,0],"11":[0,0],"12":[0,0],"13":[0,0],"14":[0,0],"15":[0,0],"16":[0,0],"17":[0,0],"18":[0,0],"19":[0,0],"20":[0,0],"21":[0,0],"22":[0,0],"23":[0,0],"24":[0,0],"25":[0,0],"26":[0,0],"27":[0,0],"28":[0,0],"29":[0,0],"30":[0,0],"31":[0,0],"32":[0,0],"33":[0,0],"34":[0,0],"35":[0,0],"36":[0,0],"37":[0,0],"38":[0,0],"39":[0,0],"40":[0,0],"41":[0,0],"42":[0,0],"43":[0,0],"44":[0,0],"45":[0,0],"46":[0,0],"47":[0,0],"48":[0,0],"49":[0,0],"50":[0,0],"51":[0,0],"52":[0,0],"53":[0,0],"54":[0,0],"55":[0,0],"56":[0,0],"57":[0,0,0],"58":[0,0],"59":[0,0],"60":[0,0],"61":[0,0],"62":[0,0]},"hash":"bbdd004cd2704e056c80e2df01985d661fb9aec7"}
,"C:\\Users\\60556\\WeChatProjects\\paintTime\\utils\\requestUtil.js": {"path":"C:\\Users\\60556\\WeChatProjects\\paintTime\\utils\\requestUtil.js","statementMap":{"0":{"start":{"line":12,"column":4},"end":{"line":12,"column":31}},"1":{"start":{"line":16,"column":4},"end":{"line":19,"column":5}},"2":{"start":{"line":17,"column":6},"end":{"line":17,"column":32}},"3":{"start":{"line":18,"column":6},"end":{"line":18,"column":13}},"4":{"start":{"line":21,"column":18},"end":{"line":50,"column":6}},"5":{"start":{"line":22,"column":6},"end":{"line":49,"column":9}},"6":{"start":{"line":29,"column":10},"end":{"line":33,"column":11}},"7":{"start":{"line":30,"column":12},"end":{"line":32,"column":14}},"8":{"start":{"line":35,"column":10},"end":{"line":40,"column":11}},"9":{"start":{"line":36,"column":12},"end":{"line":36,"column":68}},"10":{"start":{"line":37,"column":12},"end":{"line":39,"column":15}},"11":{"start":{"line":43,"column":10},"end":{"line":43,"column":28}},"12":{"start":{"line":46,"column":10},"end":{"line":46,"column":58}},"13":{"start":{"line":47,"column":10},"end":{"line":47,"column":22}},"14":{"start":{"line":52,"column":4},"end":{"line":52,"column":19}}},"fnMap":{"0":{"name":"(anonymous_0)","decl":{"start":{"line":11,"column":2},"end":{"line":11,"column":3}},"loc":{"start":{"line":11,"column":15},"end":{"line":13,"column":3}},"line":11},"1":{"name":"(anonymous_1)","decl":{"start":{"line":15,"column":2},"end":{"line":15,"column":3}},"loc":{"start":{"line":15,"column":22},"end":{"line":53,"column":3}},"line":15},"2":{"name":"(anonymous_2)","decl":{"start":{"line":21,"column":30},"end":{"line":21,"column":31}},"loc":{"start":{"line":21,"column":51},"end":{"line":50,"column":5}},"line":21},"3":{"name":"(anonymous_3)","decl":{"start":{"line":28,"column":17},"end":{"line":28,"column":18}},"loc":{"start":{"line":28,"column":32},"end":{"line":44,"column":9}},"line":28},"4":{"name":"(anonymous_4)","decl":{"start":{"line":45,"column":14},"end":{"line":45,"column":15}},"loc":{"start":{"line":45,"column":29},"end":{"line":48,"column":9}},"line":45}},"branchMap":{"0":{"loc":{"start":{"line":16,"column":4},"end":{"line":19,"column":5}},"type":"if","locations":[{"start":{"line":16,"column":4},"end":{"line":19,"column":5}},{"start":{"line":16,"column":4},"end":{"line":19,"column":5}}],"line":16},"1":{"loc":{"start":{"line":24,"column":14},"end":{"line":24,"column":28}},"type":"binary-expr","locations":[{"start":{"line":24,"column":14},"end":{"line":24,"column":22}},{"start":{"line":24,"column":26},"end":{"line":24,"column":28}}],"line":24},"2":{"loc":{"start":{"line":25,"column":16},"end":{"line":25,"column":35}},"type":"binary-expr","locations":[{"start":{"line":25,"column":16},"end":{"line":25,"column":26}},{"start":{"line":25,"column":30},"end":{"line":25,"column":35}}],"line":25},"3":{"loc":{"start":{"line":26,"column":18},"end":{"line":26,"column":40}},"type":"binary-expr","locations":[{"start":{"line":26,"column":18},"end":{"line":26,"column":30}},{"start":{"line":26,"column":34},"end":{"line":26,"column":40}}],"line":26},"4":{"loc":{"start":{"line":27,"column":16},"end":{"line":27,"column":85}},"type":"binary-expr","locations":[{"start":{"line":27,"column":16},"end":{"line":27,"column":26}},{"start":{"line":27,"column":30},"end":{"line":27,"column":85}}],"line":27},"5":{"loc":{"start":{"line":29,"column":10},"end":{"line":33,"column":11}},"type":"if","locations":[{"start":{"line":29,"column":10},"end":{"line":33,"column":11}},{"start":{"line":29,"column":10},"end":{"line":33,"column":11}}],"line":29},"6":{"loc":{"start":{"line":29,"column":14},"end":{"line":29,"column":74}},"type":"binary-expr","locations":[{"start":{"line":29,"column":14},"end":{"line":29,"column":44}},{"start":{"line":29,"column":48},"end":{"line":29,"column":74}}],"line":29},"7":{"loc":{"start":{"line":35,"column":10},"end":{"line":40,"column":11}},"type":"if","locations":[{"start":{"line":35,"column":10},"end":{"line":40,"column":11}},{"start":{"line":35,"column":10},"end":{"line":40,"column":11}}],"line":35}},"s":{"0":0,"1":1,"2":0,"3":0,"4":1,"5":1,"6":0,"7":0,"8":0,"9":0,"10":0,"11":0,"12":0,"13":0,"14":1},"f":{"0":0,"1":1,"2":1,"3":0,"4":0},"b":{"0":[0,1],"1":[0,0],"2":[0,0],"3":[0,0],"4":[0,0],"5":[0,0],"6":[0,0],"7":[0,0]},"_coverageSchema":"43e27e138ebf9cfc5966b082cf9a028302ed4184","hash":"13a0f7f4c50edeeffd03346d0eba9e2209d539b3"}
,"C:\\Users\\60556\\WeChatProjects\\paintTime\\utils\\storageUtil.js": {"path":"C:\\Users\\60556\\WeChatProjects\\paintTime\\utils\\storageUtil.js","statementMap":{"0":{"start":{"line":18,"column":6},"end":{"line":21,"column":7}},"1":{"start":{"line":19,"column":8},"end":{"line":19,"column":48}},"2":{"start":{"line":20,"column":8},"end":{"line":20,"column":16}},"3":{"start":{"line":22,"column":6},"end":{"line":32,"column":9}},"4":{"start":{"line":23,"column":11},"end":{"line":31,"column":13}},"5":{"start":{"line":26,"column":15},"end":{"line":26,"column":28}},"6":{"start":{"line":29,"column":15},"end":{"line":29,"column":27}},"7":{"start":{"line":41,"column":4},"end":{"line":41,"column":22}},"8":{"start":{"line":53,"column":4},"end":{"line":56,"column":5}},"9":{"start":{"line":54,"column":6},"end":{"line":54,"column":65}},"10":{"start":{"line":55,"column":6},"end":{"line":55,"column":13}},"11":{"start":{"line":57,"column":4},"end":{"line":68,"column":7}},"12":{"start":{"line":58,"column":7},"end":{"line":67,"column":9}},"13":{"start":{"line":62,"column":12},"end":{"line":62,"column":25}},"14":{"start":{"line":65,"column":12},"end":{"line":65,"column":24}},"15":{"start":{"line":79,"column":4},"end":{"line":83,"column":5}},"16":{"start":{"line":80,"column":7},"end":{"line":80,"column":41}},"17":{"start":{"line":81,"column":7},"end":{"line":81,"column":24}},"18":{"start":{"line":82,"column":7},"end":{"line":82,"column":14}},"19":{"start":{"line":84,"column":4},"end":{"line":94,"column":6}},"20":{"start":{"line":85,"column":6},"end":{"line":93,"column":8}},"21":{"start":{"line":88,"column":10},"end":{"line":88,"column":23}},"22":{"start":{"line":91,"column":10},"end":{"line":91,"column":22}}},"fnMap":{"0":{"name":"(anonymous_0)","decl":{"start":{"line":6,"column":2},"end":{"line":6,"column":3}},"loc":{"start":{"line":6,"column":16},"end":{"line":8,"column":3}},"line":6},"1":{"name":"(anonymous_1)","decl":{"start":{"line":17,"column":2},"end":{"line":17,"column":3}},"loc":{"start":{"line":17,"column":25},"end":{"line":33,"column":3}},"line":17},"2":{"name":"(anonymous_2)","decl":{"start":{"line":22,"column":25},"end":{"line":22,"column":26}},"loc":{"start":{"line":22,"column":46},"end":{"line":32,"column":7}},"line":22},"3":{"name":"(anonymous_3)","decl":{"start":{"line":25,"column":22},"end":{"line":25,"column":23}},"loc":{"start":{"line":25,"column":36},"end":{"line":27,"column":14}},"line":25},"4":{"name":"(anonymous_4)","decl":{"start":{"line":28,"column":19},"end":{"line":28,"column":20}},"loc":{"start":{"line":28,"column":33},"end":{"line":30,"column":14}},"line":28},"5":{"name":"(anonymous_5)","decl":{"start":{"line":40,"column":2},"end":{"line":40,"column":3}},"loc":{"start":{"line":40,"column":17},"end":{"line":42,"column":3}},"line":40},"6":{"name":"(anonymous_6)","decl":{"start":{"line":52,"column":2},"end":{"line":52,"column":3}},"loc":{"start":{"line":52,"column":28},"end":{"line":69,"column":3}},"line":52},"7":{"name":"(anonymous_7)","decl":{"start":{"line":57,"column":23},"end":{"line":57,"column":24}},"loc":{"start":{"line":57,"column":44},"end":{"line":68,"column":5}},"line":57},"8":{"name":"(anonymous_8)","decl":{"start":{"line":61,"column":18},"end":{"line":61,"column":19}},"loc":{"start":{"line":61,"column":32},"end":{"line":63,"column":10}},"line":61},"9":{"name":"(anonymous_9)","decl":{"start":{"line":64,"column":15},"end":{"line":64,"column":16}},"loc":{"start":{"line":64,"column":29},"end":{"line":66,"column":10}},"line":64},"10":{"name":"(anonymous_10)","decl":{"start":{"line":78,"column":2},"end":{"line":78,"column":3}},"loc":{"start":{"line":78,"column":22},"end":{"line":95,"column":3}},"line":78},"11":{"name":"(anonymous_11)","decl":{"start":{"line":84,"column":23},"end":{"line":84,"column":24}},"loc":{"start":{"line":84,"column":44},"end":{"line":94,"column":5}},"line":84},"12":{"name":"(anonymous_12)","decl":{"start":{"line":87,"column":17},"end":{"line":87,"column":18}},"loc":{"start":{"line":87,"column":31},"end":{"line":89,"column":9}},"line":87},"13":{"name":"(anonymous_13)","decl":{"start":{"line":90,"column":14},"end":{"line":90,"column":15}},"loc":{"start":{"line":90,"column":28},"end":{"line":92,"column":9}},"line":90}},"branchMap":{"0":{"loc":{"start":{"line":18,"column":6},"end":{"line":21,"column":7}},"type":"if","locations":[{"start":{"line":18,"column":6},"end":{"line":21,"column":7}},{"start":{"line":18,"column":6},"end":{"line":21,"column":7}}],"line":18},"1":{"loc":{"start":{"line":18,"column":9},"end":{"line":18,"column":42}},"type":"binary-expr","locations":[{"start":{"line":18,"column":9},"end":{"line":18,"column":26}},{"start":{"line":18,"column":30},"end":{"line":18,"column":42}}],"line":18},"2":{"loc":{"start":{"line":53,"column":4},"end":{"line":56,"column":5}},"type":"if","locations":[{"start":{"line":53,"column":4},"end":{"line":56,"column":5}},{"start":{"line":53,"column":4},"end":{"line":56,"column":5}}],"line":53},"3":{"loc":{"start":{"line":53,"column":7},"end":{"line":53,"column":46}},"type":"binary-expr","locations":[{"start":{"line":53,"column":7},"end":{"line":53,"column":24}},{"start":{"line":53,"column":28},"end":{"line":53,"column":46}}],"line":53},"4":{"loc":{"start":{"line":79,"column":4},"end":{"line":83,"column":5}},"type":"if","locations":[{"start":{"line":79,"column":4},"end":{"line":83,"column":5}},{"start":{"line":79,"column":4},"end":{"line":83,"column":5}}],"line":79},"5":{"loc":{"start":{"line":79,"column":7},"end":{"line":79,"column":40}},"type":"binary-expr","locations":[{"start":{"line":79,"column":7},"end":{"line":79,"column":24}},{"start":{"line":79,"column":28},"end":{"line":79,"column":40}}],"line":79}},"s":{"0":0,"1":0,"2":0,"3":0,"4":0,"5":0,"6":0,"7":0,"8":0,"9":0,"10":0,"11":0,"12":0,"13":0,"14":0,"15":0,"16":0,"17":0,"18":0,"19":0,"20":0,"21":0,"22":0},"f":{"0":0,"1":0,"2":0,"3":0,"4":0,"5":0,"6":0,"7":0,"8":0,"9":0,"10":0,"11":0,"12":0,"13":0},"b":{"0":[0,0],"1":[0,0],"2":[0,0],"3":[0,0],"4":[0,0],"5":[0,0]},"hash":"99b3fc733e2dcfc0e6878b4a54a65863c60beca5"}
}
