TN:
SF:C:\Users\60556\WeChatProjects\paintTime\utils\Loader.js
FN:4,(anonymous_0)
FN:8,(anonymous_1)
FN:14,(anonymous_2)
FN:21,(anonymous_3)
FN:31,(anonymous_4)
FN:38,(anonymous_5)
FN:46,(anonymous_6)
FN:50,(anonymous_7)
FN:56,(anonymous_8)
FN:77,(anonymous_9)
FNF:10
FNH:0
FNDA:0,(anonymous_0)
FNDA:0,(anonymous_1)
FNDA:0,(anonymous_2)
FNDA:0,(anonymous_3)
FNDA:0,(anonymous_4)
FNDA:0,(anonymous_5)
FNDA:0,(anonymous_6)
FNDA:0,(anonymous_7)
FNDA:0,(anonymous_8)
FNDA:0,(anonymous_9)
DA:4,0
DA:5,0
DA:6,0
DA:9,0
DA:10,0
DA:11,0
DA:15,0
DA:16,0
DA:18,0
DA:22,0
DA:23,0
DA:24,0
DA:25,0
DA:26,0
DA:28,0
DA:32,0
DA:33,0
DA:34,0
DA:39,0
DA:40,0
DA:41,0
DA:42,0
DA:43,0
DA:45,0
DA:47,0
DA:48,0
DA:51,0
DA:52,0
DA:57,0
DA:58,0
DA:60,0
DA:61,0
DA:65,0
DA:66,0
DA:67,0
DA:70,0
DA:71,0
DA:72,0
DA:73,0
DA:78,0
DA:82,0
LF:41
LH:0
BRDA:16,0,0,0
BRDA:16,0,1,0
BRDA:40,1,0,0
BRDA:40,1,1,0
BRDA:40,2,0,0
BRDA:40,2,1,0
BRDA:40,2,2,0
BRDA:60,3,0,0
BRDA:60,3,1,0
BRDA:65,4,0,0
BRDA:65,4,1,0
BRDA:66,5,0,0
BRDA:66,5,1,0
BRDA:70,6,0,0
BRDA:70,6,1,0
BRDA:71,7,0,0
BRDA:71,7,1,0
BRF:17
BRH:0
end_of_record
TN:
SF:C:\Users\60556\WeChatProjects\paintTime\utils\dateUtil.js
FN:8,(anonymous_0)
FN:14,(anonymous_1)
FN:40,(anonymous_2)
FN:44,(anonymous_3)
FN:55,(anonymous_4)
FN:77,(anonymous_5)
FN:102,(anonymous_6)
FN:119,(anonymous_7)
FNF:8
FNH:8
FNDA:6,(anonymous_0)
FNDA:6,(anonymous_1)
FNDA:1,(anonymous_2)
FNDA:1,(anonymous_3)
FNDA:2,(anonymous_4)
FNDA:8,(anonymous_5)
FNDA:2,(anonymous_6)
FNDA:2,(anonymous_7)
DA:9,6
DA:10,6
DA:11,6
DA:15,6
DA:29,6
DA:41,1
DA:45,1
DA:56,2
DA:57,2
DA:58,2
DA:59,2
DA:60,2
DA:61,2
DA:64,2
DA:65,0
DA:68,2
DA:78,8
DA:79,2
DA:82,6
DA:83,6
DA:84,3
DA:87,3
DA:88,3
DA:89,3
DA:91,3
DA:92,3
DA:94,3
DA:103,2
DA:104,2
DA:106,2
DA:107,2
DA:108,2
DA:110,2
DA:111,2
DA:113,2
DA:120,2
DA:121,2
DA:122,2
DA:124,2
DA:125,2
DA:127,2
LF:41
LH:40
BRDA:60,0,0,2
BRDA:60,0,1,0
BRDA:64,1,0,0
BRDA:64,1,1,2
BRDA:78,2,0,2
BRDA:78,2,1,6
BRDA:78,3,0,8
BRDA:78,3,1,7
BRDA:83,4,0,3
BRDA:83,4,1,3
BRDA:104,5,0,2
BRDA:104,5,1,0
BRDA:124,6,0,1
BRDA:124,6,1,1
BRDA:125,7,0,0
BRDA:125,7,1,2
BRF:16
BRH:12
end_of_record
TN:
SF:C:\Users\60556\WeChatProjects\paintTime\utils\devidePage.js
FN:5,isValidString
FN:10,(anonymous_1)
FN:32,(anonymous_2)
FN:36,(anonymous_3)
FN:41,(anonymous_4)
FN:65,(anonymous_5)
FN:76,(anonymous_6)
FNF:7
FNH:4
FNDA:6,isValidString
FNDA:3,(anonymous_1)
FNDA:0,(anonymous_2)
FNDA:0,(anonymous_3)
FNDA:1,(anonymous_4)
FNDA:0,(anonymous_5)
FNDA:1,(anonymous_6)
DA:6,6
DA:11,3
DA:12,0
DA:13,0
DA:16,3
DA:17,0
DA:18,0
DA:21,3
DA:22,3
DA:23,3
DA:24,3
DA:25,3
DA:26,3
DA:27,3
DA:28,3
DA:29,3
DA:33,0
DA:37,0
DA:38,0
DA:42,1
DA:43,0
DA:46,1
DA:47,0
DA:50,1
DA:51,1
DA:54,1
DA:66,0
DA:67,0
DA:69,0
DA:70,0
DA:71,0
DA:73,0
DA:75,0
DA:77,1
DA:78,1
DA:80,1
LF:36
LH:20
BRDA:6,0,0,6
BRDA:6,0,1,6
BRDA:10,1,0,2
BRDA:10,2,0,2
BRDA:10,3,0,2
BRDA:10,4,0,2
BRDA:11,5,0,0
BRDA:11,5,1,3
BRDA:16,6,0,0
BRDA:16,6,1,3
BRDA:42,7,0,0
BRDA:42,7,1,1
BRDA:46,8,0,0
BRDA:46,8,1,1
BRDA:46,9,0,1
BRDA:46,9,1,1
BRDA:50,10,0,1
BRDA:50,10,1,0
BRDA:66,11,0,0
BRDA:66,11,1,0
BRDA:70,12,0,0
BRDA:70,12,1,0
BRDA:77,13,0,1
BRDA:77,13,1,0
BRF:24
BRH:14
end_of_record
TN:
SF:C:\Users\60556\WeChatProjects\paintTime\utils\downloadUtil.js
FN:5,(anonymous_0)
FN:17,(anonymous_1)
FN:21,(anonymous_2)
FN:25,(anonymous_3)
FN:26,(anonymous_4)
FN:30,(anonymous_5)
FN:33,(anonymous_6)
FN:40,(anonymous_7)
FN:41,(anonymous_8)
FN:44,(anonymous_9)
FN:47,(anonymous_10)
FN:57,(anonymous_11)
FN:58,(anonymous_12)
FN:60,(anonymous_13)
FN:63,(anonymous_14)
FNF:15
FNH:0
FNDA:0,(anonymous_0)
FNDA:0,(anonymous_1)
FNDA:0,(anonymous_2)
FNDA:0,(anonymous_3)
FNDA:0,(anonymous_4)
FNDA:0,(anonymous_5)
FNDA:0,(anonymous_6)
FNDA:0,(anonymous_7)
FNDA:0,(anonymous_8)
FNDA:0,(anonymous_9)
FNDA:0,(anonymous_10)
FNDA:0,(anonymous_11)
FNDA:0,(anonymous_12)
FNDA:0,(anonymous_13)
FNDA:0,(anonymous_14)
DA:18,0
DA:22,0
DA:26,0
DA:27,0
DA:31,0
DA:34,0
DA:41,0
DA:42,0
DA:45,0
DA:48,0
DA:49,0
DA:50,0
DA:58,0
DA:59,0
DA:61,0
DA:64,0
LF:16
LH:0
BRDA:29,0,0,0
BRDA:29,0,1,0
BRF:2
BRH:0
end_of_record
TN:
SF:C:\Users\60556\WeChatProjects\paintTime\utils\observerUtil.js
FN:4,createObserver
FN:6,(anonymous_1)
FN:13,(anonymous_2)
FN:23,(anonymous_3)
FNF:4
FNH:0
FNDA:0,createObserver
FNDA:0,(anonymous_1)
FNDA:0,(anonymous_2)
FNDA:0,(anonymous_3)
DA:5,0
DA:7,0
DA:8,0
DA:11,0
DA:13,0
DA:14,0
DA:15,0
DA:17,0
DA:18,0
DA:19,0
DA:20,0
DA:23,0
DA:24,0
DA:28,0
LF:14
LH:0
BRDA:7,0,0,0
BRDA:7,0,1,0
BRDA:14,1,0,0
BRDA:14,1,1,0
BRF:4
BRH:0
end_of_record
TN:
SF:C:\Users\60556\WeChatProjects\paintTime\utils\pcm-util.js
FN:42,getFormat
FN:80,stringify
FN:101,parse
FN:118,equal
FN:128,normalize
FN:132,(anonymous_5)
FN:169,toArrayBuffer
FN:201,toAudioBuffer
FN:233,convert
FN:265,(anonymous_9)
FN:285,(anonymous_10)
FN:294,(anonymous_11)
FN:321,isNormalized
FN:329,arrayClass
FN:358,fromTypedArray
FN:428,fromObject
FN:432,(anonymous_16)
FN:452,getDataViewSuffix
FNF:18
FNH:0
FNDA:0,getFormat
FNDA:0,stringify
FNDA:0,parse
FNDA:0,equal
FNDA:0,normalize
FNDA:0,(anonymous_5)
FNDA:0,toArrayBuffer
FNDA:0,toAudioBuffer
FNDA:0,convert
FNDA:0,(anonymous_9)
FNDA:0,(anonymous_10)
FNDA:0,(anonymous_11)
FNDA:0,isNormalized
FNDA:0,arrayClass
FNDA:0,fromTypedArray
FNDA:0,fromObject
FNDA:0,(anonymous_16)
FNDA:0,getDataViewSuffix
DA:6,0
DA:7,0
DA:8,0
DA:14,0
DA:32,0
DA:36,0
DA:44,0
DA:47,0
DA:48,0
DA:52,0
DA:53,0
DA:54,0
DA:65,0
DA:66,0
DA:72,0
DA:82,0
DA:85,0
DA:86,0
DA:87,0
DA:88,0
DA:89,0
DA:90,0
DA:92,0
DA:102,0
DA:103,0
DA:119,0
DA:129,0
DA:132,0
DA:133,0
DA:134,0
DA:139,0
DA:140,0
DA:141,0
DA:145,0
DA:148,0
DA:149,0
DA:150,0
DA:153,0
DA:154,0
DA:155,0
DA:156,0
DA:157,0
DA:162,0
DA:164,0
DA:170,0
DA:175,0
DA:178,0
DA:179,0
DA:181,0
DA:182,0
DA:186,0
DA:188,0
DA:196,0
DA:202,0
DA:204,0
DA:211,0
DA:213,0
DA:219,0
DA:220,0
DA:221,0
DA:222,0
DA:223,0
DA:226,0
DA:235,0
DA:236,0
DA:240,0
DA:241,0
DA:243,0
DA:244,0
DA:245,0
DA:248,0
DA:252,0
DA:253,0
DA:257,0
DA:261,0
DA:264,0
DA:265,0
DA:268,0
DA:271,0
DA:274,0
DA:279,0
DA:280,0
DA:281,0
DA:284,0
DA:285,0
DA:286,0
DA:287,0
DA:289,0
DA:293,0
DA:294,0
DA:295,0
DA:296,0
DA:298,0
DA:304,0
DA:305,0
DA:306,0
DA:307,0
DA:308,0
DA:309,0
DA:310,0
DA:314,0
DA:322,0
DA:330,0
DA:332,0
DA:333,0
DA:334,0
DA:337,0
DA:341,0
DA:342,0
DA:344,0
DA:345,0
DA:349,0
DA:359,0
DA:360,0
DA:366,0
DA:367,0
DA:373,0
DA:374,0
DA:380,0
DA:381,0
DA:387,0
DA:388,0
DA:394,0
DA:395,0
DA:401,0
DA:402,0
DA:408,0
DA:409,0
DA:417,0
DA:430,0
DA:432,0
DA:433,0
DA:437,0
DA:438,0
DA:440,0
DA:441,0
DA:444,0
DA:453,0
DA:458,0
LF:139
LH:0
BRDA:18,0,0,0
BRDA:18,0,1,0
BRDA:44,1,0,0
BRDA:44,1,1,0
BRDA:47,2,0,0
BRDA:47,2,1,0
BRDA:47,3,0,0
BRDA:47,3,1,0
BRDA:48,4,0,0
BRDA:48,4,1,0
BRDA:52,5,0,0
BRDA:52,5,1,0
BRDA:65,6,0,0
BRDA:65,6,1,0
BRDA:85,7,0,0
BRDA:85,7,1,0
BRDA:85,8,0,0
BRDA:85,8,1,0
BRDA:90,9,0,0
BRDA:90,9,1,0
BRDA:119,10,0,0
BRDA:119,10,1,0
BRDA:119,11,0,0
BRDA:119,11,1,0
BRDA:129,12,0,0
BRDA:129,12,1,0
BRDA:133,13,0,0
BRDA:133,13,1,0
BRDA:139,14,0,0
BRDA:139,14,1,0
BRDA:140,15,0,0
BRDA:140,15,1,0
BRDA:145,16,0,0
BRDA:145,16,1,0
BRDA:148,17,0,0
BRDA:148,17,1,0
BRDA:155,18,0,0
BRDA:155,18,1,0
BRDA:170,19,0,0
BRDA:170,19,1,0
BRDA:175,20,0,0
BRDA:175,20,1,0
BRDA:202,21,0,0
BRDA:202,21,1,0
BRDA:235,22,0,0
BRDA:235,22,1,0
BRDA:236,23,0,0
BRDA:236,23,1,0
BRDA:240,24,0,0
BRDA:240,24,1,0
BRDA:243,25,0,0
BRDA:243,25,1,0
BRDA:244,26,0,0
BRDA:244,26,1,0
BRDA:248,27,0,0
BRDA:248,27,1,0
BRDA:252,28,0,0
BRDA:252,28,1,0
BRDA:264,29,0,0
BRDA:264,29,1,0
BRDA:279,30,0,0
BRDA:279,30,1,0
BRDA:284,31,0,0
BRDA:284,31,1,0
BRDA:284,32,0,0
BRDA:284,32,1,0
BRDA:293,33,0,0
BRDA:293,33,1,0
BRDA:293,34,0,0
BRDA:293,34,1,0
BRDA:304,35,0,0
BRDA:304,35,1,0
BRDA:304,36,0,0
BRDA:304,36,1,0
BRDA:322,37,0,0
BRDA:322,37,1,0
BRDA:330,38,0,0
BRDA:330,38,1,0
BRDA:332,39,0,0
BRDA:332,39,1,0
BRDA:333,40,0,0
BRDA:333,40,1,0
BRDA:341,41,0,0
BRDA:341,41,1,0
BRDA:342,42,0,0
BRDA:342,42,1,0
BRDA:344,43,0,0
BRDA:344,43,1,0
BRDA:345,44,0,0
BRDA:345,44,1,0
BRDA:349,45,0,0
BRDA:349,45,1,0
BRDA:359,46,0,0
BRDA:359,46,1,0
BRDA:366,47,0,0
BRDA:366,47,1,0
BRDA:366,48,0,0
BRDA:366,48,1,0
BRDA:373,49,0,0
BRDA:373,49,1,0
BRDA:380,50,0,0
BRDA:380,50,1,0
BRDA:387,51,0,0
BRDA:387,51,1,0
BRDA:394,52,0,0
BRDA:394,52,1,0
BRDA:401,53,0,0
BRDA:401,53,1,0
BRDA:408,54,0,0
BRDA:408,54,1,0
BRDA:433,55,0,0
BRDA:433,55,1,0
BRDA:437,56,0,0
BRDA:437,56,1,0
BRDA:437,57,0,0
BRDA:437,57,1,0
BRDA:437,57,2,0
BRDA:438,58,0,0
BRDA:438,58,1,0
BRDA:440,59,0,0
BRDA:440,59,1,0
BRDA:440,60,0,0
BRDA:440,60,1,0
BRDA:453,61,0,0
BRDA:453,61,1,0
BRDA:453,62,0,0
BRDA:453,62,1,0
BRF:127
BRH:0
end_of_record
TN:
SF:C:\Users\60556\WeChatProjects\paintTime\utils\requestUtil.js
FN:11,(anonymous_0)
FN:15,(anonymous_1)
FN:21,(anonymous_2)
FN:28,(anonymous_3)
FN:45,(anonymous_4)
FNF:5
FNH:2
FNDA:0,(anonymous_0)
FNDA:1,(anonymous_1)
FNDA:1,(anonymous_2)
FNDA:0,(anonymous_3)
FNDA:0,(anonymous_4)
DA:12,0
DA:16,1
DA:17,0
DA:18,0
DA:21,1
DA:22,1
DA:29,0
DA:30,0
DA:35,0
DA:36,0
DA:37,0
DA:43,0
DA:46,0
DA:47,0
DA:52,1
LF:15
LH:4
BRDA:16,0,0,0
BRDA:16,0,1,1
BRDA:24,1,0,0
BRDA:24,1,1,0
BRDA:25,2,0,0
BRDA:25,2,1,0
BRDA:26,3,0,0
BRDA:26,3,1,0
BRDA:27,4,0,0
BRDA:27,4,1,0
BRDA:29,5,0,0
BRDA:29,5,1,0
BRDA:29,6,0,0
BRDA:29,6,1,0
BRDA:35,7,0,0
BRDA:35,7,1,0
BRF:16
BRH:1
end_of_record
TN:
SF:C:\Users\60556\WeChatProjects\paintTime\utils\storageUtil.js
FN:6,(anonymous_0)
FN:17,(anonymous_1)
FN:22,(anonymous_2)
FN:25,(anonymous_3)
FN:28,(anonymous_4)
FN:40,(anonymous_5)
FN:52,(anonymous_6)
FN:57,(anonymous_7)
FN:61,(anonymous_8)
FN:64,(anonymous_9)
FN:78,(anonymous_10)
FN:84,(anonymous_11)
FN:87,(anonymous_12)
FN:90,(anonymous_13)
FNF:14
FNH:0
FNDA:0,(anonymous_0)
FNDA:0,(anonymous_1)
FNDA:0,(anonymous_2)
FNDA:0,(anonymous_3)
FNDA:0,(anonymous_4)
FNDA:0,(anonymous_5)
FNDA:0,(anonymous_6)
FNDA:0,(anonymous_7)
FNDA:0,(anonymous_8)
FNDA:0,(anonymous_9)
FNDA:0,(anonymous_10)
FNDA:0,(anonymous_11)
FNDA:0,(anonymous_12)
FNDA:0,(anonymous_13)
DA:18,0
DA:19,0
DA:20,0
DA:22,0
DA:23,0
DA:26,0
DA:29,0
DA:41,0
DA:53,0
DA:54,0
DA:55,0
DA:57,0
DA:58,0
DA:62,0
DA:65,0
DA:79,0
DA:80,0
DA:81,0
DA:82,0
DA:84,0
DA:85,0
DA:88,0
DA:91,0
LF:23
LH:0
BRDA:18,0,0,0
BRDA:18,0,1,0
BRDA:18,1,0,0
BRDA:18,1,1,0
BRDA:53,2,0,0
BRDA:53,2,1,0
BRDA:53,3,0,0
BRDA:53,3,1,0
BRDA:79,4,0,0
BRDA:79,4,1,0
BRDA:79,5,0,0
BRDA:79,5,1,0
BRF:12
BRH:0
end_of_record
